This is pdfTeX, Version 3.141592653-2.6-1.40.29 (MiKTeX 26.1) (preloaded format=pdflatex 2026.4.10)  27 APR 2026 10:06
entering extended mode
 restricted \write18 enabled.
 %&-line parsing enabled.
**./L7.tex
(L7.tex
LaTeX2e <2025-11-01>
L3 programming layer <2026-01-19>
(C:\Users\pmishra\AppData\Roaming\MiKTeX\tex/latex/beamer\beamer.cls
Document Class: beamer 2026/01/22 v3.77 A class for typesetting presentations
(C:\Users\pmishra\AppData\Roaming\MiKTeX\tex/latex/beamer\beamerbasemodes.sty
(C:\Users\pmishra\AppData\Roaming\MiKTeX\tex/latex/etoolbox\etoolbox.sty
Package: etoolbox 2025/10/02 v2.5m e-TeX tools for LaTeX (JAW)
\etb@tempcnta=\count275
)
\beamer@tempbox=\box53
\beamer@tempcount=\count276
\c@beamerpauses=\count277

(C:\Users\pmishra\AppData\Roaming\MiKTeX\tex/latex/beamer\beamerbasedecode.sty
\beamer@slideinframe=\count278
\beamer@minimum=\count279
\beamer@decode@box=\box54
)
\beamer@commentbox=\box55
\beamer@modecount=\count280
) (C:\Users\pmishra\AppData\Roaming\MiKTeX\tex/generic/iftex\iftex.sty
Package: iftex 2024/12/12 v1.0g TeX engine tests
)
\headdp=\dimen148
\footheight=\dimen149
\sidebarheight=\dimen150
\beamer@tempdim=\dimen151
\beamer@finalheight=\dimen152
\beamer@animht=\dimen153
\beamer@animdp=\dimen154
\beamer@animwd=\dimen155
\beamer@leftmargin=\dimen156
\beamer@rightmargin=\dimen157
\beamer@leftsidebar=\dimen158
\beamer@rightsidebar=\dimen159
\beamer@boxsize=\dimen160
\beamer@vboxoffset=\dimen161
\beamer@descdefault=\dimen162
\beamer@descriptionwidth=\dimen163
\beamer@lastskip=\skip49
\beamer@areabox=\box56
\beamer@animcurrent=\box57
\beamer@animshowbox=\box58
\beamer@sectionbox=\box59
\beamer@logobox=\box60
\beamer@linebox=\box61
\beamer@sectioncount=\count281
\beamer@subsubsectionmax=\count282
\beamer@subsectionmax=\count283
\beamer@sectionmax=\count284
\beamer@totalheads=\count285
\beamer@headcounter=\count286
\beamer@partstartpage=\count287
\beamer@sectionstartpage=\count288
\beamer@subsectionstartpage=\count289
\beamer@animationtempa=\count290
\beamer@animationtempb=\count291
\beamer@xpos=\count292
\beamer@ypos=\count293
\beamer@ypos@offset=\count294
\beamer@showpartnumber=\count295
\beamer@currentsubsection=\count296
\beamer@coveringdepth=\count297
\beamer@sectionadjust=\count298
\beamer@toclastsection=\count299
\beamer@tocsectionnumber=\count300

(C:\Users\pmishra\AppData\Roaming\MiKTeX\tex/latex/beamer\beamerbaseoptions.sty
(C:\Users\pmishra\AppData\Roaming\MiKTeX\tex/latex/graphics\keyval.sty
Package: keyval 2022/05/29 v1.15 key=value parser (DPC)
\KV@toks@=\toks17
))
\beamer@paperwidth=\skip50
\beamer@paperheight=\skip51

(C:\Users\pmishra\AppData\Roaming\MiKTeX\tex/latex/geometry\geometry.sty
Package: geometry 2026/03/07 v6.0 Page Geometry

(C:\Users\pmishra\AppData\Roaming\MiKTeX\tex/generic/iftex\ifvtex.sty
Package: ifvtex 2019/10/25 v1.7 ifvtex legacy package. Use iftex instead.
)
\Gm@cnth=\count301
\Gm@cntv=\count302
\c@Gm@tempcnt=\count303
\Gm@bindingoffset=\dimen164
\Gm@wd@mp=\dimen165
\Gm@odd@mp=\dimen166
\Gm@even@mp=\dimen167
\Gm@layoutwidth=\dimen168
\Gm@layoutheight=\dimen169
\Gm@layouthoffset=\dimen170
\Gm@layoutvoffset=\dimen171
\Gm@dimlist=\toks18

(C:\Users\pmishra\AppData\Roaming\MiKTeX\tex/latex/geometry\geometry.cfg))
(C:\Users\pmishra\AppData\Roaming\MiKTeX\tex/latex/pgf/math\pgfmath.sty
(C:\Users\pmishra\AppData\Roaming\MiKTeX\tex/latex/pgf/utilities\pgfrcs.sty
(C:\Users\pmishra\AppData\Roaming\MiKTeX\tex/generic/pgf/utilities\pgfutil-comm
on.tex
\pgfutil@everybye=\toks19
\pgfutil@tempdima=\dimen172
\pgfutil@tempdimb=\dimen173
)
(C:\Users\pmishra\AppData\Roaming\MiKTeX\tex/generic/pgf/utilities\pgfutil-late
x.def
\pgfutil@abb=\box62
)
(C:\Users\pmishra\AppData\Roaming\MiKTeX\tex/generic/pgf/utilities\pgfrcs.code.
tex (C:\Users\pmishra\AppData\Roaming\MiKTeX\tex/generic/pgf\pgf.revision.tex)
Package: pgfrcs 2025-08-29 v3.1.11a (3.1.11a)
)) (C:\Users\pmishra\AppData\Roaming\MiKTeX\tex/latex/pgf/utilities\pgfkeys.sty

(C:\Users\pmishra\AppData\Roaming\MiKTeX\tex/generic/pgf/utilities\pgfkeys.code
.tex
\pgfkeys@pathtoks=\toks20
\pgfkeys@temptoks=\toks21

(C:\Users\pmishra\AppData\Roaming\MiKTeX\tex/generic/pgf/utilities\pgfkeyslibra
ryfiltered.code.tex
\pgfkeys@tmptoks=\toks22
)))
(C:\Users\pmishra\AppData\Roaming\MiKTeX\tex/generic/pgf/math\pgfmath.code.tex
(C:\Users\pmishra\AppData\Roaming\MiKTeX\tex/generic/pgf/math\pgfmathutil.code.
tex
\pgf@x=\dimen174
\pgf@xa=\dimen175
\pgf@xb=\dimen176
\pgf@xc=\dimen177
\pgf@y=\dimen178
\pgf@ya=\dimen179
\pgf@yb=\dimen180
\pgf@yc=\dimen181
\c@pgf@counta=\count304
\c@pgf@countb=\count305
\c@pgf@countc=\count306
\c@pgf@countd=\count307
)
(C:\Users\pmishra\AppData\Roaming\MiKTeX\tex/generic/pgf/math\pgfmathparser.cod
e.tex
\pgfmath@dimen=\dimen182
\pgfmath@count=\count308
\pgfmath@box=\box63
\pgfmath@toks=\toks23
\pgfmath@stack@operand=\toks24
\pgfmath@stack@operation=\toks25
)
(C:\Users\pmishra\AppData\Roaming\MiKTeX\tex/generic/pgf/math\pgfmathfunctions.
code.tex)
(C:\Users\pmishra\AppData\Roaming\MiKTeX\tex/generic/pgf/math\pgfmathfunctions.
basic.code.tex)
(C:\Users\pmishra\AppData\Roaming\MiKTeX\tex/generic/pgf/math\pgfmathfunctions.
trigonometric.code.tex)
(C:\Users\pmishra\AppData\Roaming\MiKTeX\tex/generic/pgf/math\pgfmathfunctions.
random.code.tex)
(C:\Users\pmishra\AppData\Roaming\MiKTeX\tex/generic/pgf/math\pgfmathfunctions.
comparison.code.tex)
(C:\Users\pmishra\AppData\Roaming\MiKTeX\tex/generic/pgf/math\pgfmathfunctions.
base.code.tex)
(C:\Users\pmishra\AppData\Roaming\MiKTeX\tex/generic/pgf/math\pgfmathfunctions.
round.code.tex)
(C:\Users\pmishra\AppData\Roaming\MiKTeX\tex/generic/pgf/math\pgfmathfunctions.
misc.code.tex)
(C:\Users\pmishra\AppData\Roaming\MiKTeX\tex/generic/pgf/math\pgfmathfunctions.
integerarithmetics.code.tex)
(C:\Users\pmishra\AppData\Roaming\MiKTeX\tex/generic/pgf/math\pgfmathcalc.code.
tex)
(C:\Users\pmishra\AppData\Roaming\MiKTeX\tex/generic/pgf/math\pgfmathfloat.code
.tex
\c@pgfmathroundto@lastzeros=\count309
))) (C:\Users\pmishra\AppData\Roaming\MiKTeX\tex/latex/base\size11.clo
File: size11.clo 2025/01/22 v1.4n Standard LaTeX file (size option)
)
(C:\Users\pmishra\AppData\Roaming\MiKTeX\tex/latex/pgf/basiclayer\pgfcore.sty
(C:\Users\pmishra\AppData\Roaming\MiKTeX\tex/latex/graphics\graphicx.sty
Package: graphicx 2024/12/31 v1.2e Enhanced LaTeX Graphics (DPC,SPQR)

(C:\Users\pmishra\AppData\Roaming\MiKTeX\tex/latex/graphics\graphics.sty
Package: graphics 2024/08/06 v1.4g Standard LaTeX Graphics (DPC,SPQR)

(C:\Users\pmishra\AppData\Roaming\MiKTeX\tex/latex/graphics\trig.sty
Package: trig 2023/12/02 v1.11 sin cos tan (DPC)
)
(C:\Users\pmishra\AppData\Roaming\MiKTeX\tex/latex/graphics-cfg\graphics.cfg
File: graphics.cfg 2016/06/04 v1.11 sample graphics configuration
)
Package graphics Info: Driver file: pdftex.def on input line 106.

(C:\Users\pmishra\AppData\Roaming\MiKTeX\tex/latex/graphics-def\pdftex.def
File: pdftex.def 2025/09/29 v1.2d Graphics/color driver for pdftex
))
\Gin@req@height=\dimen183
\Gin@req@width=\dimen184
)
(C:\Users\pmishra\AppData\Roaming\MiKTeX\tex/latex/pgf/systemlayer\pgfsys.sty
(C:\Users\pmishra\AppData\Roaming\MiKTeX\tex/generic/pgf/systemlayer\pgfsys.cod
e.tex
Package: pgfsys 2025-08-29 v3.1.11a (3.1.11a)
\pgf@x=\dimen185
\pgf@y=\dimen186
\pgf@xa=\dimen187
\pgf@ya=\dimen188
\pgf@xb=\dimen189
\pgf@yb=\dimen190
\pgf@xc=\dimen191
\pgf@yc=\dimen192
\pgf@xd=\dimen193
\pgf@yd=\dimen194
\w@pgf@writea=\write3
\r@pgf@reada=\read2
\c@pgf@counta=\count310
\c@pgf@countb=\count311
\c@pgf@countc=\count312
\c@pgf@countd=\count313
\t@pgf@toka=\toks26
\t@pgf@tokb=\toks27
\t@pgf@tokc=\toks28
\pgf@sys@id@count=\count314

(C:\Users\pmishra\AppData\Roaming\MiKTeX\tex/generic/pgf/systemlayer\pgf.cfg
File: pgf.cfg 2025-08-29 v3.1.11a (3.1.11a)
)
Driver file for pgf: pgfsys-pdftex.def

(C:\Users\pmishra\AppData\Roaming\MiKTeX\tex/generic/pgf/systemlayer\pgfsys-pdf
tex.def
File: pgfsys-pdftex.def 2025-08-29 v3.1.11a (3.1.11a)

(C:\Users\pmishra\AppData\Roaming\MiKTeX\tex/generic/pgf/systemlayer\pgfsys-com
mon-pdf.def
File: pgfsys-common-pdf.def 2025-08-29 v3.1.11a (3.1.11a)
)))
(C:\Users\pmishra\AppData\Roaming\MiKTeX\tex/generic/pgf/systemlayer\pgfsyssoft
path.code.tex
File: pgfsyssoftpath.code.tex 2025-08-29 v3.1.11a (3.1.11a)
\pgfsyssoftpath@smallbuffer@items=\count315
\pgfsyssoftpath@bigbuffer@items=\count316
)
(C:\Users\pmishra\AppData\Roaming\MiKTeX\tex/generic/pgf/systemlayer\pgfsysprot
ocol.code.tex
File: pgfsysprotocol.code.tex 2025-08-29 v3.1.11a (3.1.11a)
))
(C:\Users\pmishra\AppData\Roaming\MiKTeX\tex/latex/xcolor\xcolor.sty
Package: xcolor 2024/09/29 v3.02 LaTeX color extensions (UK)

(C:\Users\pmishra\AppData\Roaming\MiKTeX\tex/latex/graphics-cfg\color.cfg
File: color.cfg 2016/01/02 v1.6 sample color configuration
)
Package xcolor Info: Driver file: pdftex.def on input line 274.

(C:\Users\pmishra\AppData\Roaming\MiKTeX\tex/latex/graphics\mathcolor.ltx)
Package xcolor Info: Model `cmy' substituted by `cmy0' on input line 1349.
Package xcolor Info: Model `hsb' substituted by `rgb' on input line 1353.
Package xcolor Info: Model `RGB' extended on input line 1365.
Package xcolor Info: Model `HTML' substituted by `rgb' on input line 1367.
Package xcolor Info: Model `Hsb' substituted by `hsb' on input line 1368.
Package xcolor Info: Model `tHsb' substituted by `hsb' on input line 1369.
Package xcolor Info: Model `HSB' substituted by `hsb' on input line 1370.
Package xcolor Info: Model `Gray' substituted by `gray' on input line 1371.
Package xcolor Info: Model `wave' substituted by `hsb' on input line 1372.
)
(C:\Users\pmishra\AppData\Roaming\MiKTeX\tex/generic/pgf/basiclayer\pgfcore.cod
e.tex
Package: pgfcore 2025-08-29 v3.1.11a (3.1.11a)

(C:\Users\pmishra\AppData\Roaming\MiKTeX\tex/generic/pgf/math\pgfint.code.tex)
(C:\Users\pmishra\AppData\Roaming\MiKTeX\tex/generic/pgf/basiclayer\pgfcorepoin
ts.code.tex
File: pgfcorepoints.code.tex 2025-08-29 v3.1.11a (3.1.11a)
\pgf@picminx=\dimen195
\pgf@picmaxx=\dimen196
\pgf@picminy=\dimen197
\pgf@picmaxy=\dimen198
\pgf@pathminx=\dimen199
\pgf@pathmaxx=\dimen256
\pgf@pathminy=\dimen257
\pgf@pathmaxy=\dimen258
\pgf@xx=\dimen259
\pgf@xy=\dimen260
\pgf@yx=\dimen261
\pgf@yy=\dimen262
\pgf@zx=\dimen263
\pgf@zy=\dimen264
)
(C:\Users\pmishra\AppData\Roaming\MiKTeX\tex/generic/pgf/basiclayer\pgfcorepath
construct.code.tex
File: pgfcorepathconstruct.code.tex 2025-08-29 v3.1.11a (3.1.11a)
\pgf@path@lastx=\dimen265
\pgf@path@lasty=\dimen266
)
(C:\Users\pmishra\AppData\Roaming\MiKTeX\tex/generic/pgf/basiclayer\pgfcorepath
usage.code.tex
File: pgfcorepathusage.code.tex 2025-08-29 v3.1.11a (3.1.11a)
\pgf@shorten@end@additional=\dimen267
\pgf@shorten@start@additional=\dimen268
)
(C:\Users\pmishra\AppData\Roaming\MiKTeX\tex/generic/pgf/basiclayer\pgfcorescop
es.code.tex
File: pgfcorescopes.code.tex 2025-08-29 v3.1.11a (3.1.11a)
\pgfpic=\box64
\pgf@hbox=\box65
\pgf@layerbox@main=\box66
\pgf@picture@serial@count=\count317
)
(C:\Users\pmishra\AppData\Roaming\MiKTeX\tex/generic/pgf/basiclayer\pgfcoregrap
hicstate.code.tex
File: pgfcoregraphicstate.code.tex 2025-08-29 v3.1.11a (3.1.11a)
\pgflinewidth=\dimen269
)
(C:\Users\pmishra\AppData\Roaming\MiKTeX\tex/generic/pgf/basiclayer\pgfcoretran
sformations.code.tex
File: pgfcoretransformations.code.tex 2025-08-29 v3.1.11a (3.1.11a)
\pgf@pt@x=\dimen270
\pgf@pt@y=\dimen271
\pgf@pt@temp=\dimen272
)
(C:\Users\pmishra\AppData\Roaming\MiKTeX\tex/generic/pgf/basiclayer\pgfcorequic
k.code.tex
File: pgfcorequick.code.tex 2025-08-29 v3.1.11a (3.1.11a)
)
(C:\Users\pmishra\AppData\Roaming\MiKTeX\tex/generic/pgf/basiclayer\pgfcoreobje
cts.code.tex
File: pgfcoreobjects.code.tex 2025-08-29 v3.1.11a (3.1.11a)
)
(C:\Users\pmishra\AppData\Roaming\MiKTeX\tex/generic/pgf/basiclayer\pgfcorepath
processing.code.tex
File: pgfcorepathprocessing.code.tex 2025-08-29 v3.1.11a (3.1.11a)
)
(C:\Users\pmishra\AppData\Roaming\MiKTeX\tex/generic/pgf/basiclayer\pgfcorearro
ws.code.tex
File: pgfcorearrows.code.tex 2025-08-29 v3.1.11a (3.1.11a)
\pgfarrowsep=\dimen273
)
(C:\Users\pmishra\AppData\Roaming\MiKTeX\tex/generic/pgf/basiclayer\pgfcoreshad
e.code.tex
File: pgfcoreshade.code.tex 2025-08-29 v3.1.11a (3.1.11a)
\pgf@max=\dimen274
\pgf@sys@shading@range@num=\count318
\pgf@shadingcount=\count319
)
(C:\Users\pmishra\AppData\Roaming\MiKTeX\tex/generic/pgf/basiclayer\pgfcoreimag
e.code.tex
File: pgfcoreimage.code.tex 2025-08-29 v3.1.11a (3.1.11a)
)
(C:\Users\pmishra\AppData\Roaming\MiKTeX\tex/generic/pgf/basiclayer\pgfcoreexte
rnal.code.tex
File: pgfcoreexternal.code.tex 2025-08-29 v3.1.11a (3.1.11a)
\pgfexternal@startupbox=\box67
)
(C:\Users\pmishra\AppData\Roaming\MiKTeX\tex/generic/pgf/basiclayer\pgfcorelaye
rs.code.tex
File: pgfcorelayers.code.tex 2025-08-29 v3.1.11a (3.1.11a)
)
(C:\Users\pmishra\AppData\Roaming\MiKTeX\tex/generic/pgf/basiclayer\pgfcoretran
sparency.code.tex
File: pgfcoretransparency.code.tex 2025-08-29 v3.1.11a (3.1.11a)
)
(C:\Users\pmishra\AppData\Roaming\MiKTeX\tex/generic/pgf/basiclayer\pgfcorepatt
erns.code.tex
File: pgfcorepatterns.code.tex 2025-08-29 v3.1.11a (3.1.11a)
)
(C:\Users\pmishra\AppData\Roaming\MiKTeX\tex/generic/pgf/basiclayer\pgfcorerdf.
code.tex
File: pgfcorerdf.code.tex 2025-08-29 v3.1.11a (3.1.11a)
)))
(C:\Users\pmishra\AppData\Roaming\MiKTeX\tex/latex/pgf/utilities\xxcolor.sty
Package: xxcolor 2003/10/24 ver 0.1
\XC@nummixins=\count320
\XC@countmixins=\count321
)
(C:\Users\pmishra\AppData\Roaming\MiKTeX\tex/latex/base\atbegshi-ltx.sty
Package: atbegshi-ltx 2021/01/10 v1.0c Emulation of the original atbegshi
package with kernel methods
)
(C:\Users\pmishra\AppData\Roaming\MiKTeX\tex/latex/hyperref\hyperref.sty
Package: hyperref 2026-01-29 v7.01p Hypertext links for LaTeX

(C:\Users\pmishra\AppData\Roaming\MiKTeX\tex/latex/kvsetkeys\kvsetkeys.sty
Package: kvsetkeys 2022-10-05 v1.19 Key value parser (HO)
)
(C:\Users\pmishra\AppData\Roaming\MiKTeX\tex/generic/kvdefinekeys\kvdefinekeys.
sty
Package: kvdefinekeys 2019-12-19 v1.6 Define keys (HO)
)
(C:\Users\pmishra\AppData\Roaming\MiKTeX\tex/generic/pdfescape\pdfescape.sty
Package: pdfescape 2019/12/09 v1.15 Implements pdfTeX's escape features (HO)

(C:\Users\pmishra\AppData\Roaming\MiKTeX\tex/generic/ltxcmds\ltxcmds.sty
Package: ltxcmds 2023-12-04 v1.26 LaTeX kernel commands for general use (HO)
)
(C:\Users\pmishra\AppData\Roaming\MiKTeX\tex/generic/pdftexcmds\pdftexcmds.sty
Package: pdftexcmds 2020-06-27 v0.33 Utility functions of pdfTeX for LuaTeX (HO
)

(C:\Users\pmishra\AppData\Roaming\MiKTeX\tex/generic/infwarerr\infwarerr.sty
Package: infwarerr 2019/12/03 v1.5 Providing info/warning/error messages (HO)
)
Package pdftexcmds Info: \pdf@primitive is available.
Package pdftexcmds Info: \pdf@ifprimitive is available.
Package pdftexcmds Info: \pdfdraftmode found.
)) (C:\Users\pmishra\AppData\Roaming\MiKTeX\tex/latex/hycolor\hycolor.sty
Package: hycolor 2020-01-27 v1.10 Color options for hyperref/bookmark (HO)
)
(C:\Users\pmishra\AppData\Roaming\MiKTeX\tex/latex/hyperref\nameref.sty
Package: nameref 2026-01-29 v2.58 Cross-referencing by name of section

(C:\Users\pmishra\AppData\Roaming\MiKTeX\tex/latex/refcount\refcount.sty
Package: refcount 2019/12/15 v3.6 Data extraction from label references (HO)
)
(C:\Users\pmishra\AppData\Roaming\MiKTeX\tex/generic/gettitlestring\gettitlestr
ing.sty
Package: gettitlestring 2019/12/15 v1.6 Cleanup title references (HO)

(C:\Users\pmishra\AppData\Roaming\MiKTeX\tex/latex/kvoptions\kvoptions.sty
Package: kvoptions 2022-06-15 v3.15 Key value format for package options (HO)
))
\c@section@level=\count322
)
(C:\Users\pmishra\AppData\Roaming\MiKTeX\tex/generic/stringenc\stringenc.sty
Package: stringenc 2019/11/29 v1.12 Convert strings between diff. encodings (HO
)
)
\@linkdim=\dimen275
\Hy@linkcounter=\count323
\Hy@pagecounter=\count324

(C:\Users\pmishra\AppData\Roaming\MiKTeX\tex/latex/hyperref\pd1enc.def
File: pd1enc.def 2026-01-29 v7.01p Hyperref: PDFDocEncoding definition (HO)
Now handling font encoding PD1 ...
... no UTF-8 mapping file for font encoding PD1
)
(C:\Users\pmishra\AppData\Roaming\MiKTeX\tex/generic/intcalc\intcalc.sty
Package: intcalc 2019/12/15 v1.3 Expandable calculations with integers (HO)
)
\Hy@SavedSpaceFactor=\count325

(C:\Users\pmishra\AppData\Roaming\MiKTeX\tex/latex/hyperref\puenc.def
File: puenc.def 2026-01-29 v7.01p Hyperref: PDF Unicode definition (HO)
Now handling font encoding PU ...
... no UTF-8 mapping file for font encoding PU
)
Package hyperref Info: Option `bookmarks' set `true' on input line 4072.
Package hyperref Info: Option `bookmarksopen' set `true' on input line 4072.
Package hyperref Info: Option `implicit' set `false' on input line 4072.
Package hyperref Info: Hyper figures OFF on input line 4201.
Package hyperref Info: Link nesting OFF on input line 4206.
Package hyperref Info: Hyper index ON on input line 4209.
Package hyperref Info: Plain pages OFF on input line 4216.
Package hyperref Info: Backreferencing OFF on input line 4221.
Package hyperref Info: Implicit mode OFF; no redefinition of LaTeX internals.
Package hyperref Info: Bookmarks ON on input line 4468.
\c@Hy@tempcnt=\count326

(C:\Users\pmishra\AppData\Roaming\MiKTeX\tex/latex/url\url.sty
\Urlmuskip=\muskip17
Package: url 2013/09/16  ver 3.4  Verb mode for urls, etc.
)
LaTeX Info: Redefining \url on input line 4807.
\XeTeXLinkMargin=\dimen276

(C:\Users\pmishra\AppData\Roaming\MiKTeX\tex/generic/bitset\bitset.sty
Package: bitset 2019/12/09 v1.3 Handle bit-vector datatype (HO)

(C:\Users\pmishra\AppData\Roaming\MiKTeX\tex/generic/bigintcalc\bigintcalc.sty
Package: bigintcalc 2019/12/15 v1.5 Expandable calculations on big integers (HO
)
))
\Fld@menulength=\count327
\Field@Width=\dimen277
\Fld@charsize=\dimen278
Package hyperref Info: Hyper figures OFF on input line 6084.
Package hyperref Info: Link nesting OFF on input line 6089.
Package hyperref Info: Hyper index ON on input line 6092.
Package hyperref Info: backreferencing OFF on input line 6099.
Package hyperref Info: Link coloring OFF on input line 6104.
Package hyperref Info: Link coloring with OCG OFF on input line 6109.
Package hyperref Info: PDF/A mode OFF on input line 6114.
\Hy@abspage=\count328


Package hyperref Message: Stopped early.

)
Package hyperref Info: Driver (autodetected): hpdftex.
 (C:\Users\pmishra\AppData\Roaming\MiKTeX\tex/latex/hyperref\hpdftex.def
File: hpdftex.def 2026-01-29 v7.01p Hyperref driver for pdfTeX
\Fld@listcount=\count329
\c@bookmark@seq@number=\count330

(C:\Users\pmishra\AppData\Roaming\MiKTeX\tex/latex/rerunfilecheck\rerunfilechec
k.sty
Package: rerunfilecheck 2025-06-21 v1.11 Rerun checks for auxiliary files (HO)

(C:\Users\pmishra\AppData\Roaming\MiKTeX\tex/generic/uniquecounter\uniquecounte
r.sty
Package: uniquecounter 2019/12/15 v1.4 Provide unlimited unique counter (HO)
)
Package uniquecounter Info: New unique counter `rerunfilecheck' on input line 2
84.
))
(C:\Users\pmishra\AppData\Roaming\MiKTeX\tex/latex/beamer\beamerbaserequires.st
y
(C:\Users\pmishra\AppData\Roaming\MiKTeX\tex/latex/beamer\beamerbasecompatibili
ty.sty)
(C:\Users\pmishra\AppData\Roaming\MiKTeX\tex/latex/beamer\beamerbasefont.sty
(C:\Users\pmishra\AppData\Roaming\MiKTeX\tex/latex/amsfonts\amssymb.sty
Package: amssymb 2013/01/14 v3.01 AMS font symbols

(C:\Users\pmishra\AppData\Roaming\MiKTeX\tex/latex/amsfonts\amsfonts.sty
Package: amsfonts 2013/01/14 v3.01 Basic AMSFonts support
\@emptytoks=\toks29
\symAMSa=\mathgroup4
\symAMSb=\mathgroup5
LaTeX Font Info:    Redeclaring math symbol \hbar on input line 98.
LaTeX Font Info:    Overwriting math alphabet `\mathfrak' in version `bold'
(Font)                  U/euf/m/n --> U/euf/b/n on input line 106.
))
(C:\Users\pmishra\AppData\Roaming\MiKTeX\tex/latex/sansmathaccent\sansmathaccen
t.sty
Package: sansmathaccent 2020/01/31

(C:\Users\pmishra\AppData\Roaming\MiKTeX\tex/latex/koma-script\scrlfile.sty
Package: scrlfile 2026/02/02 v3.49.2 KOMA-Script package (file load hooks)

(C:\Users\pmishra\AppData\Roaming\MiKTeX\tex/latex/koma-script\scrlfile-hook.st
y
Package: scrlfile-hook 2026/02/02 v3.49.2 KOMA-Script package (using LaTeX hook
s)
 (C:\Users\pmishra\AppData\Roaming\MiKTeX\tex/latex/koma-script\scrlogo.sty
Package: scrlogo 2026/02/02 v3.49.2 KOMA-Script package (logo)
)))))
(C:\Users\pmishra\AppData\Roaming\MiKTeX\tex/latex/beamer\beamerbasetranslator.
sty
(C:\Users\pmishra\AppData\Roaming\MiKTeX\tex/latex/translator\translator.sty
Package: translator 2021-05-31 v1.12d Easy translation of strings in LaTeX
))
(C:\Users\pmishra\AppData\Roaming\MiKTeX\tex/latex/beamer\beamerbasemisc.sty)
(C:\Users\pmishra\AppData\Roaming\MiKTeX\tex/latex/beamer\beamerbasetwoscreens.
sty)
(C:\Users\pmishra\AppData\Roaming\MiKTeX\tex/latex/beamer\beamerbaseoverlay.sty
\beamer@argscount=\count331
\beamer@lastskipcover=\skip52
\beamer@trivlistdepth=\count332
) (C:\Users\pmishra\AppData\Roaming\MiKTeX\tex/latex/beamer\beamerbasetitle.sty
)
(C:\Users\pmishra\AppData\Roaming\MiKTeX\tex/latex/beamer\beamerbasesection.sty
\c@lecture=\count333
\c@part=\count334
\c@section=\count335
\c@subsection=\count336
\c@subsubsection=\count337
) (C:\Users\pmishra\AppData\Roaming\MiKTeX\tex/latex/beamer\beamerbaseframe.sty
\beamer@framebox=\box68
\beamer@frametitlebox=\box69
\beamer@zoombox=\box70
\beamer@zoomcount=\count338
\beamer@zoomframecount=\count339
\beamer@frametextheight=\dimen279
\c@subsectionslide=\count340
\beamer@frametopskip=\skip53
\beamer@framebottomskip=\skip54
\beamer@frametopskipautobreak=\skip55
\beamer@framebottomskipautobreak=\skip56
\beamer@envbody=\toks30
\framewidth=\dimen280
\c@framenumber=\count341
)
(C:\Users\pmishra\AppData\Roaming\MiKTeX\tex/latex/beamer\beamerbaseverbatim.st
y
\beamer@verbatimfileout=\write4
)
(C:\Users\pmishra\AppData\Roaming\MiKTeX\tex/latex/beamer\beamerbaseframesize.s
ty
\beamer@splitbox=\box71
\beamer@autobreakcount=\count342
\beamer@autobreaklastheight=\dimen281
\beamer@frametitletoks=\toks31
\beamer@framesubtitletoks=\toks32
)
(C:\Users\pmishra\AppData\Roaming\MiKTeX\tex/latex/beamer\beamerbaseframecompon
ents.sty
\beamer@colheight=\skip57
\beamer@footins=\box72
)
(C:\Users\pmishra\AppData\Roaming\MiKTeX\tex/latex/beamer\beamerbasecolor.sty)
(C:\Users\pmishra\AppData\Roaming\MiKTeX\tex/latex/beamer\beamerbasenotes.sty
\beamer@frameboxcopy=\box73
)
(C:\Users\pmishra\AppData\Roaming\MiKTeX\tex/latex/beamer\beamerbasetoc.sty)
(C:\Users\pmishra\AppData\Roaming\MiKTeX\tex/latex/beamer\beamerbasetemplates.s
ty
\beamer@sbttoks=\toks33

(C:\Users\pmishra\AppData\Roaming\MiKTeX\tex/latex/beamer\beamerbaseauxtemplate
s.sty
(C:\Users\pmishra\AppData\Roaming\MiKTeX\tex/latex/beamer\beamerbaseboxes.sty
\bmb@box=\box74
\bmb@colorbox=\box75
\bmb@boxwidth=\dimen282
\bmb@boxheight=\dimen283
\bmb@prevheight=\dimen284
\bmb@temp=\dimen285
\bmb@dima=\dimen286
\bmb@dimb=\dimen287
\bmb@prevheight=\dimen288
)
\beamer@blockheadheight=\dimen289
))
(C:\Users\pmishra\AppData\Roaming\MiKTeX\tex/latex/beamer\beamerbaselocalstruct
ure.sty (C:\Users\pmishra\AppData\Roaming\MiKTeX\tex/latex/tools\enumerate.sty
Package: enumerate 2023/07/04 v3.00 enumerate extensions (DPC)
\@enLab=\toks34
)
\beamer@bibiconwidth=\skip58
\c@figure=\count343
\c@table=\count344
\abovecaptionskip=\skip59
\belowcaptionskip=\skip60
)
(C:\Users\pmishra\AppData\Roaming\MiKTeX\tex/latex/beamer\beamerbasenavigation.
sty
(C:\Users\pmishra\AppData\Roaming\MiKTeX\tex/latex/beamer\beamerbasenavigations
ymbols.tex)
\beamer@section@min@dim=\dimen290
)
(C:\Users\pmishra\AppData\Roaming\MiKTeX\tex/latex/beamer\beamerbasetheorems.st
y (C:\Users\pmishra\AppData\Roaming\MiKTeX\tex/latex/amsmath\amsmath.sty
Package: amsmath 2025/07/09 v2.17z AMS math features
\@mathmargin=\skip61

For additional information on amsmath, use the `?' option.
(C:\Users\pmishra\AppData\Roaming\MiKTeX\tex/latex/amsmath\amstext.sty
Package: amstext 2024/11/17 v2.01 AMS text

(C:\Users\pmishra\AppData\Roaming\MiKTeX\tex/latex/amsmath\amsgen.sty
File: amsgen.sty 1999/11/30 v2.0 generic functions
\@emptytoks=\toks35
\ex@=\dimen291
))
(C:\Users\pmishra\AppData\Roaming\MiKTeX\tex/latex/amsmath\amsbsy.sty
Package: amsbsy 1999/11/29 v1.2d Bold Symbols
\pmbraise@=\dimen292
)
(C:\Users\pmishra\AppData\Roaming\MiKTeX\tex/latex/amsmath\amsopn.sty
Package: amsopn 2022/04/08 v2.04 operator names
)
\inf@bad=\count345
LaTeX Info: Redefining \frac on input line 233.
\uproot@=\count346
\leftroot@=\count347
LaTeX Info: Redefining \overline on input line 398.
LaTeX Info: Redefining \colon on input line 409.
\classnum@=\count348
\DOTSCASE@=\count349
LaTeX Info: Redefining \ldots on input line 495.
LaTeX Info: Redefining \dots on input line 498.
LaTeX Info: Redefining \cdots on input line 619.
\Mathstrutbox@=\box76
\strutbox@=\box77
LaTeX Info: Redefining \big on input line 721.
LaTeX Info: Redefining \Big on input line 722.
LaTeX Info: Redefining \bigg on input line 723.
LaTeX Info: Redefining \Bigg on input line 724.
\big@size=\dimen293
LaTeX Font Info:    Redeclaring font encoding OML on input line 742.
LaTeX Font Info:    Redeclaring font encoding OMS on input line 743.
\macc@depth=\count350
LaTeX Info: Redefining \bmod on input line 904.
LaTeX Info: Redefining \pmod on input line 909.
LaTeX Info: Redefining \smash on input line 939.
LaTeX Info: Redefining \relbar on input line 969.
LaTeX Info: Redefining \Relbar on input line 970.
\c@MaxMatrixCols=\count351
\dotsspace@=\muskip18
\c@parentequation=\count352
\dspbrk@lvl=\count353
\tag@help=\toks36
\row@=\count354
\column@=\count355
\maxfields@=\count356
\andhelp@=\toks37
\eqnshift@=\dimen294
\alignsep@=\dimen295
\tagshift@=\dimen296
\tagwidth@=\dimen297
\totwidth@=\dimen298
\lineht@=\dimen299
\@envbody=\toks38
\multlinegap=\skip62
\multlinetaggap=\skip63
\mathdisplay@stack=\toks39
LaTeX Info: Redefining \[ on input line 2950.
LaTeX Info: Redefining \] on input line 2951.
)
(C:\Users\pmishra\AppData\Roaming\MiKTeX\tex/latex/amscls\amsthm.sty
Package: amsthm 2020/05/29 v2.20.6
\thm@style=\toks40
\thm@bodyfont=\toks41
\thm@headfont=\toks42
\thm@notefont=\toks43
\thm@headpunct=\toks44
\thm@preskip=\skip64
\thm@postskip=\skip65
\thm@headsep=\skip66
\dth@everypar=\toks45
)
\c@theorem=\count357
)
(C:\Users\pmishra\AppData\Roaming\MiKTeX\tex/latex/beamer\beamerbasethemes.sty)
)
(C:\Users\pmishra\AppData\Roaming\MiKTeX\tex/latex/beamer\beamerthemedefault.st
y
(C:\Users\pmishra\AppData\Roaming\MiKTeX\tex/latex/beamer\beamerfontthemedefaul
t.sty)
(C:\Users\pmishra\AppData\Roaming\MiKTeX\tex/latex/beamer\beamercolorthemedefau
lt.sty)
(C:\Users\pmishra\AppData\Roaming\MiKTeX\tex/latex/beamer\beamerinnerthemedefau
lt.sty
\beamer@dima=\dimen300
\beamer@dimb=\dimen301
)
(C:\Users\pmishra\AppData\Roaming\MiKTeX\tex/latex/beamer\beamerouterthemedefau
lt.sty))) (UFtheme.sty
(C:\Users\pmishra\AppData\Roaming\MiKTeX\tex/latex/pgf/frontendlayer\tikz.sty
(C:\Users\pmishra\AppData\Roaming\MiKTeX\tex/latex/pgf/basiclayer\pgf.sty
Package: pgf 2025-08-29 v3.1.11a (3.1.11a)

(C:\Users\pmishra\AppData\Roaming\MiKTeX\tex/generic/pgf/modules\pgfmoduleshape
s.code.tex
File: pgfmoduleshapes.code.tex 2025-08-29 v3.1.11a (3.1.11a)
\pgfnodeparttextbox=\box78
)
(C:\Users\pmishra\AppData\Roaming\MiKTeX\tex/generic/pgf/modules\pgfmoduleplot.
code.tex
File: pgfmoduleplot.code.tex 2025-08-29 v3.1.11a (3.1.11a)
)
(C:\Users\pmishra\AppData\Roaming\MiKTeX\tex/latex/pgf/compatibility\pgfcomp-ve
rsion-0-65.sty
Package: pgfcomp-version-0-65 2025-08-29 v3.1.11a (3.1.11a)
\pgf@nodesepstart=\dimen302
\pgf@nodesepend=\dimen303
)
(C:\Users\pmishra\AppData\Roaming\MiKTeX\tex/latex/pgf/compatibility\pgfcomp-ve
rsion-1-18.sty
Package: pgfcomp-version-1-18 2025-08-29 v3.1.11a (3.1.11a)
))
(C:\Users\pmishra\AppData\Roaming\MiKTeX\tex/latex/pgf/utilities\pgffor.sty
(C:\Users\pmishra\AppData\Roaming\MiKTeX\tex/generic/pgf/utilities\pgffor.code.
tex
Package: pgffor 2025-08-29 v3.1.11a (3.1.11a)
\pgffor@iter=\dimen304
\pgffor@skip=\dimen305
\pgffor@stack=\toks46
\pgffor@toks=\toks47
))
(C:\Users\pmishra\AppData\Roaming\MiKTeX\tex/generic/pgf/frontendlayer/tikz\tik
z.code.tex
Package: tikz 2025-08-29 v3.1.11a (3.1.11a)

(C:\Users\pmishra\AppData\Roaming\MiKTeX\tex/generic/pgf/libraries\pgflibrarypl
othandlers.code.tex
File: pgflibraryplothandlers.code.tex 2025-08-29 v3.1.11a (3.1.11a)
\pgf@plot@mark@count=\count358
\pgfplotmarksize=\dimen306
)
\tikz@lastx=\dimen307
\tikz@lasty=\dimen308
\tikz@lastxsaved=\dimen309
\tikz@lastysaved=\dimen310
\tikz@lastmovetox=\dimen311
\tikz@lastmovetoy=\dimen312
\tikzleveldistance=\dimen313
\tikzsiblingdistance=\dimen314
\tikz@figbox=\box79
\tikz@figbox@bg=\box80
\tikz@tempbox=\box81
\tikz@tempbox@bg=\box82
\tikztreelevel=\count359
\tikznumberofchildren=\count360
\tikznumberofcurrentchild=\count361
\tikz@fig@count=\count362

(C:\Users\pmishra\AppData\Roaming\MiKTeX\tex/generic/pgf/modules\pgfmodulematri
x.code.tex
File: pgfmodulematrix.code.tex 2025-08-29 v3.1.11a (3.1.11a)
\pgfmatrixcurrentrow=\count363
\pgfmatrixcurrentcolumn=\count364
\pgf@matrix@numberofcolumns=\count365
)
\tikz@expandcount=\count366

(C:\Users\pmishra\AppData\Roaming\MiKTeX\tex/generic/pgf/frontendlayer/tikz/lib
raries\tikzlibrarytopaths.code.tex
File: tikzlibrarytopaths.code.tex 2025-08-29 v3.1.11a (3.1.11a)
)))
(C:\Users\pmishra\AppData\Roaming\MiKTeX\tex/generic/babel\babel.sty
Package: babel 2026/03/24 v26.5 The multilingual framework for LuaLaTeX, pdfLaT
eX and XeLaTeX
\babel@savecnt=\count367
LaTeX Encoding Info:    Redeclaring text command \ij (encoding OT1) on input li
ne 2078.
LaTeX Encoding Info:    Redeclaring text command \IJ (encoding OT1) on input li
ne 2080.
LaTeX Encoding Info:    Redeclaring text command \ij (encoding T1) on input lin
e 2082.
LaTeX Encoding Info:    Redeclaring text command \IJ (encoding T1) on input lin
e 2083.
LaTeX Encoding Info:    Ignoring declaration for text command \ij (encoding ?) 
on input line 2084.
LaTeX Encoding Info:    Ignoring declaration for text command \IJ (encoding ?) 
on input line 2086.
LaTeX Encoding Info:    Ignoring declaration for text command \SS (encoding ?) 
on input line 2111.
\U@D=\dimen315
\l@unhyphenated=\language1

(C:\Users\pmishra\AppData\Roaming\MiKTeX\tex/generic/babel\txtbabel.def)
\bbl@readstream=\read3
LaTeX Info: Redefining \textlatin on input line 3974.
\bbl@dirlevel=\count368
Package babel Info: Configuration files are deprecated, as
(babel)             they can break document portability.
(babel)             Reported on input line 4206.

*************************************
* Local config file bblopts.cfg used
*
(C:\Users\pmishra\AppData\Roaming\MiKTeX\tex/latex/arabi\bblopts.cfg
File: bblopts.cfg 2005/09/08 v0.1 add Arabic and Farsi to "declared" options of
 babel
)
(C:\Users\pmishra\AppData\Roaming\MiKTeX\tex/generic/babel/locale/en\babel-engl
ish.tex)
Package babel Info: Importing font and identification data for english
(babel)             from babel-en.ini. Reported on input line 4330.

(C:\Users\pmishra\AppData\Roaming\MiKTeX\tex/latex/babel-english\english.ldf
Language: english 2017/06/06 v3.3r English support from the babel system
))
(C:\Users\pmishra\AppData\Roaming\MiKTeX\tex/latex/base\inputenc.sty
Package: inputenc 2024/02/08 v1.3d Input encoding file
\inpenc@prehook=\toks48
\inpenc@posthook=\toks49

(C:\Users\pmishra\AppData\Roaming\MiKTeX\tex/latex/ucs\utf8x.def
File: utf8x.def 2023/11/09 UCS: Input encoding UTF-8


Package ucs Info: utf8x disabled, assuming standard utf8 processing
(ucs)             load ucs package to force utf8x processing.

(C:\Users\pmishra\AppData\Roaming\MiKTeX\tex/latex/base\utf8.def
File: utf8.def 2022/06/07 v1.3c UTF-8 support
Now handling font encoding OML ...
... no UTF-8 mapping file for font encoding OML
Now handling font encoding OMS ...
... processing UTF-8 mapping file for font encoding OMS

(C:\Users\pmishra\AppData\Roaming\MiKTeX\tex/latex/base\omsenc.dfu
File: omsenc.dfu 2022/06/07 v1.3c UTF-8 support
   defining Unicode char U+00A7 (decimal 167)
   defining Unicode char U+00B6 (decimal 182)
   defining Unicode char U+00B7 (decimal 183)
   defining Unicode char U+2020 (decimal 8224)
   defining Unicode char U+2021 (decimal 8225)
   defining Unicode char U+2022 (decimal 8226)
)
Now handling font encoding OT1 ...
... processing UTF-8 mapping file for font encoding OT1

(C:\Users\pmishra\AppData\Roaming\MiKTeX\tex/latex/base\ot1enc.dfu
File: ot1enc.dfu 2022/06/07 v1.3c UTF-8 support
   defining Unicode char U+00A0 (decimal 160)
   defining Unicode char U+00A1 (decimal 161)
   defining Unicode char U+00A3 (decimal 163)
   defining Unicode char U+00AD (decimal 173)
   defining Unicode char U+00B8 (decimal 184)
   defining Unicode char U+00BF (decimal 191)
   defining Unicode char U+00C5 (decimal 197)
   defining Unicode char U+00C6 (decimal 198)
   defining Unicode char U+00D8 (decimal 216)
   defining Unicode char U+00DF (decimal 223)
   defining Unicode char U+00E6 (decimal 230)
   defining Unicode char U+00EC (decimal 236)
   defining Unicode char U+00ED (decimal 237)
   defining Unicode char U+00EE (decimal 238)
   defining Unicode char U+00EF (decimal 239)
   defining Unicode char U+00F8 (decimal 248)
   defining Unicode char U+0131 (decimal 305)
   defining Unicode char U+0141 (decimal 321)
   defining Unicode char U+0142 (decimal 322)
   defining Unicode char U+0152 (decimal 338)
   defining Unicode char U+0153 (decimal 339)
   defining Unicode char U+0174 (decimal 372)
   defining Unicode char U+0175 (decimal 373)
   defining Unicode char U+0176 (decimal 374)
   defining Unicode char U+0177 (decimal 375)
   defining Unicode char U+0218 (decimal 536)
   defining Unicode char U+0219 (decimal 537)
   defining Unicode char U+021A (decimal 538)
   defining Unicode char U+021B (decimal 539)
   defining Unicode char U+0237 (decimal 567)
   defining Unicode char U+2013 (decimal 8211)
   defining Unicode char U+2014 (decimal 8212)
   defining Unicode char U+2018 (decimal 8216)
   defining Unicode char U+2019 (decimal 8217)
   defining Unicode char U+201C (decimal 8220)
   defining Unicode char U+201D (decimal 8221)
   defining Unicode char U+FB00 (decimal 64256)
   defining Unicode char U+FB01 (decimal 64257)
   defining Unicode char U+FB02 (decimal 64258)
   defining Unicode char U+FB03 (decimal 64259)
   defining Unicode char U+FB04 (decimal 64260)
   defining Unicode char U+FB05 (decimal 64261)
   defining Unicode char U+FB06 (decimal 64262)
)
Now handling font encoding T1 ...
... processing UTF-8 mapping file for font encoding T1

(C:\Users\pmishra\AppData\Roaming\MiKTeX\tex/latex/base\t1enc.dfu
File: t1enc.dfu 2022/06/07 v1.3c UTF-8 support
   defining Unicode char U+00A0 (decimal 160)
   defining Unicode char U+00A1 (decimal 161)
   defining Unicode char U+00A3 (decimal 163)
   defining Unicode char U+00AB (decimal 171)
   defining Unicode char U+00AD (decimal 173)
   defining Unicode char U+00BB (decimal 187)
   defining Unicode char U+00BF (decimal 191)
   defining Unicode char U+00C0 (decimal 192)
   defining Unicode char U+00C1 (decimal 193)
   defining Unicode char U+00C2 (decimal 194)
   defining Unicode char U+00C3 (decimal 195)
   defining Unicode char U+00C4 (decimal 196)
   defining Unicode char U+00C5 (decimal 197)
   defining Unicode char U+00C6 (decimal 198)
   defining Unicode char U+00C7 (decimal 199)
   defining Unicode char U+00C8 (decimal 200)
   defining Unicode char U+00C9 (decimal 201)
   defining Unicode char U+00CA (decimal 202)
   defining Unicode char U+00CB (decimal 203)
   defining Unicode char U+00CC (decimal 204)
   defining Unicode char U+00CD (decimal 205)
   defining Unicode char U+00CE (decimal 206)
   defining Unicode char U+00CF (decimal 207)
   defining Unicode char U+00D0 (decimal 208)
   defining Unicode char U+00D1 (decimal 209)
   defining Unicode char U+00D2 (decimal 210)
   defining Unicode char U+00D3 (decimal 211)
   defining Unicode char U+00D4 (decimal 212)
   defining Unicode char U+00D5 (decimal 213)
   defining Unicode char U+00D6 (decimal 214)
   defining Unicode char U+00D8 (decimal 216)
   defining Unicode char U+00D9 (decimal 217)
   defining Unicode char U+00DA (decimal 218)
   defining Unicode char U+00DB (decimal 219)
   defining Unicode char U+00DC (decimal 220)
   defining Unicode char U+00DD (decimal 221)
   defining Unicode char U+00DE (decimal 222)
   defining Unicode char U+00DF (decimal 223)
   defining Unicode char U+00E0 (decimal 224)
   defining Unicode char U+00E1 (decimal 225)
   defining Unicode char U+00E2 (decimal 226)
   defining Unicode char U+00E3 (decimal 227)
   defining Unicode char U+00E4 (decimal 228)
   defining Unicode char U+00E5 (decimal 229)
   defining Unicode char U+00E6 (decimal 230)
   defining Unicode char U+00E7 (decimal 231)
   defining Unicode char U+00E8 (decimal 232)
   defining Unicode char U+00E9 (decimal 233)
   defining Unicode char U+00EA (decimal 234)
   defining Unicode char U+00EB (decimal 235)
   defining Unicode char U+00EC (decimal 236)
   defining Unicode char U+00ED (decimal 237)
   defining Unicode char U+00EE (decimal 238)
   defining Unicode char U+00EF (decimal 239)
   defining Unicode char U+00F0 (decimal 240)
   defining Unicode char U+00F1 (decimal 241)
   defining Unicode char U+00F2 (decimal 242)
   defining Unicode char U+00F3 (decimal 243)
   defining Unicode char U+00F4 (decimal 244)
   defining Unicode char U+00F5 (decimal 245)
   defining Unicode char U+00F6 (decimal 246)
   defining Unicode char U+00F8 (decimal 248)
   defining Unicode char U+00F9 (decimal 249)
   defining Unicode char U+00FA (decimal 250)
   defining Unicode char U+00FB (decimal 251)
   defining Unicode char U+00FC (decimal 252)
   defining Unicode char U+00FD (decimal 253)
   defining Unicode char U+00FE (decimal 254)
   defining Unicode char U+00FF (decimal 255)
   defining Unicode char U+0100 (decimal 256)
   defining Unicode char U+0101 (decimal 257)
   defining Unicode char U+0102 (decimal 258)
   defining Unicode char U+0103 (decimal 259)
   defining Unicode char U+0104 (decimal 260)
   defining Unicode char U+0105 (decimal 261)
   defining Unicode char U+0106 (decimal 262)
   defining Unicode char U+0107 (decimal 263)
   defining Unicode char U+0108 (decimal 264)
   defining Unicode char U+0109 (decimal 265)
   defining Unicode char U+010A (decimal 266)
   defining Unicode char U+010B (decimal 267)
   defining Unicode char U+010C (decimal 268)
   defining Unicode char U+010D (decimal 269)
   defining Unicode char U+010E (decimal 270)
   defining Unicode char U+010F (decimal 271)
   defining Unicode char U+0110 (decimal 272)
   defining Unicode char U+0111 (decimal 273)
   defining Unicode char U+0112 (decimal 274)
   defining Unicode char U+0113 (decimal 275)
   defining Unicode char U+0114 (decimal 276)
   defining Unicode char U+0115 (decimal 277)
   defining Unicode char U+0116 (decimal 278)
   defining Unicode char U+0117 (decimal 279)
   defining Unicode char U+0118 (decimal 280)
   defining Unicode char U+0119 (decimal 281)
   defining Unicode char U+011A (decimal 282)
   defining Unicode char U+011B (decimal 283)
   defining Unicode char U+011C (decimal 284)
   defining Unicode char U+011D (decimal 285)
   defining Unicode char U+011E (decimal 286)
   defining Unicode char U+011F (decimal 287)
   defining Unicode char U+0120 (decimal 288)
   defining Unicode char U+0121 (decimal 289)
   defining Unicode char U+0122 (decimal 290)
   defining Unicode char U+0123 (decimal 291)
   defining Unicode char U+0124 (decimal 292)
   defining Unicode char U+0125 (decimal 293)
   defining Unicode char U+0128 (decimal 296)
   defining Unicode char U+0129 (decimal 297)
   defining Unicode char U+012A (decimal 298)
   defining Unicode char U+012B (decimal 299)
   defining Unicode char U+012C (decimal 300)
   defining Unicode char U+012D (decimal 301)
   defining Unicode char U+012E (decimal 302)
   defining Unicode char U+012F (decimal 303)
   defining Unicode char U+0130 (decimal 304)
   defining Unicode char U+0131 (decimal 305)
   defining Unicode char U+0132 (decimal 306)
   defining Unicode char U+0133 (decimal 307)
   defining Unicode char U+0134 (decimal 308)
   defining Unicode char U+0135 (decimal 309)
   defining Unicode char U+0136 (decimal 310)
   defining Unicode char U+0137 (decimal 311)
   defining Unicode char U+0139 (decimal 313)
   defining Unicode char U+013A (decimal 314)
   defining Unicode char U+013B (decimal 315)
   defining Unicode char U+013C (decimal 316)
   defining Unicode char U+013D (decimal 317)
   defining Unicode char U+013E (decimal 318)
   defining Unicode char U+0141 (decimal 321)
   defining Unicode char U+0142 (decimal 322)
   defining Unicode char U+0143 (decimal 323)
   defining Unicode char U+0144 (decimal 324)
   defining Unicode char U+0145 (decimal 325)
   defining Unicode char U+0146 (decimal 326)
   defining Unicode char U+0147 (decimal 327)
   defining Unicode char U+0148 (decimal 328)
   defining Unicode char U+014A (decimal 330)
   defining Unicode char U+014B (decimal 331)
   defining Unicode char U+014C (decimal 332)
   defining Unicode char U+014D (decimal 333)
   defining Unicode char U+014E (decimal 334)
   defining Unicode char U+014F (decimal 335)
   defining Unicode char U+0150 (decimal 336)
   defining Unicode char U+0151 (decimal 337)
   defining Unicode char U+0152 (decimal 338)
   defining Unicode char U+0153 (decimal 339)
   defining Unicode char U+0154 (decimal 340)
   defining Unicode char U+0155 (decimal 341)
   defining Unicode char U+0156 (decimal 342)
   defining Unicode char U+0157 (decimal 343)
   defining Unicode char U+0158 (decimal 344)
   defining Unicode char U+0159 (decimal 345)
   defining Unicode char U+015A (decimal 346)
   defining Unicode char U+015B (decimal 347)
   defining Unicode char U+015C (decimal 348)
   defining Unicode char U+015D (decimal 349)
   defining Unicode char U+015E (decimal 350)
   defining Unicode char U+015F (decimal 351)
   defining Unicode char U+0160 (decimal 352)
   defining Unicode char U+0161 (decimal 353)
   defining Unicode char U+0162 (decimal 354)
   defining Unicode char U+0163 (decimal 355)
   defining Unicode char U+0164 (decimal 356)
   defining Unicode char U+0165 (decimal 357)
   defining Unicode char U+0168 (decimal 360)
   defining Unicode char U+0169 (decimal 361)
   defining Unicode char U+016A (decimal 362)
   defining Unicode char U+016B (decimal 363)
   defining Unicode char U+016C (decimal 364)
   defining Unicode char U+016D (decimal 365)
   defining Unicode char U+016E (decimal 366)
   defining Unicode char U+016F (decimal 367)
   defining Unicode char U+0170 (decimal 368)
   defining Unicode char U+0171 (decimal 369)
   defining Unicode char U+0172 (decimal 370)
   defining Unicode char U+0173 (decimal 371)
   defining Unicode char U+0174 (decimal 372)
   defining Unicode char U+0175 (decimal 373)
   defining Unicode char U+0176 (decimal 374)
   defining Unicode char U+0177 (decimal 375)
   defining Unicode char U+0178 (decimal 376)
   defining Unicode char U+0179 (decimal 377)
   defining Unicode char U+017A (decimal 378)
   defining Unicode char U+017B (decimal 379)
   defining Unicode char U+017C (decimal 380)
   defining Unicode char U+017D (decimal 381)
   defining Unicode char U+017E (decimal 382)
   defining Unicode char U+01C4 (decimal 452)
   defining Unicode char U+01C5 (decimal 453)
   defining Unicode char U+01C6 (decimal 454)
   defining Unicode char U+01C7 (decimal 455)
   defining Unicode char U+01C8 (decimal 456)
   defining Unicode char U+01C9 (decimal 457)
   defining Unicode char U+01CA (decimal 458)
   defining Unicode char U+01CB (decimal 459)
   defining Unicode char U+01CC (decimal 460)
   defining Unicode char U+01CD (decimal 461)
   defining Unicode char U+01CE (decimal 462)
   defining Unicode char U+01CF (decimal 463)
   defining Unicode char U+01D0 (decimal 464)
   defining Unicode char U+01D1 (decimal 465)
   defining Unicode char U+01D2 (decimal 466)
   defining Unicode char U+01D3 (decimal 467)
   defining Unicode char U+01D4 (decimal 468)
   defining Unicode char U+01E2 (decimal 482)
   defining Unicode char U+01E3 (decimal 483)
   defining Unicode char U+01E6 (decimal 486)
   defining Unicode char U+01E7 (decimal 487)
   defining Unicode char U+01E8 (decimal 488)
   defining Unicode char U+01E9 (decimal 489)
   defining Unicode char U+01EA (decimal 490)
   defining Unicode char U+01EB (decimal 491)
   defining Unicode char U+01F0 (decimal 496)
   defining Unicode char U+01F4 (decimal 500)
   defining Unicode char U+01F5 (decimal 501)
   defining Unicode char U+0218 (decimal 536)
   defining Unicode char U+0219 (decimal 537)
   defining Unicode char U+021A (decimal 538)
   defining Unicode char U+021B (decimal 539)
   defining Unicode char U+0232 (decimal 562)
   defining Unicode char U+0233 (decimal 563)
   defining Unicode char U+0237 (decimal 567)
   defining Unicode char U+02D9 (decimal 729)
   defining Unicode char U+02DB (decimal 731)
   defining Unicode char U+1E02 (decimal 7682)
   defining Unicode char U+1E03 (decimal 7683)
   defining Unicode char U+1E0D (decimal 7693)
   defining Unicode char U+1E1E (decimal 7710)
   defining Unicode char U+1E1F (decimal 7711)
   defining Unicode char U+1E25 (decimal 7717)
   defining Unicode char U+1E30 (decimal 7728)
   defining Unicode char U+1E31 (decimal 7729)
   defining Unicode char U+1E37 (decimal 7735)
   defining Unicode char U+1E8E (decimal 7822)
   defining Unicode char U+1E8F (decimal 7823)
   defining Unicode char U+1E43 (decimal 7747)
   defining Unicode char U+1E45 (decimal 7749)
   defining Unicode char U+1E47 (decimal 7751)
   defining Unicode char U+1E5B (decimal 7771)
   defining Unicode char U+1E63 (decimal 7779)
   defining Unicode char U+1E6D (decimal 7789)
   defining Unicode char U+1E90 (decimal 7824)
   defining Unicode char U+1E91 (decimal 7825)
   defining Unicode char U+1E9E (decimal 7838)
   defining Unicode char U+1EF2 (decimal 7922)
   defining Unicode char U+1EF3 (decimal 7923)
   defining Unicode char U+200C (decimal 8204)
   defining Unicode char U+2010 (decimal 8208)
   defining Unicode char U+2011 (decimal 8209)
   defining Unicode char U+2012 (decimal 8210)
   defining Unicode char U+2013 (decimal 8211)
   defining Unicode char U+2014 (decimal 8212)
   defining Unicode char U+2015 (decimal 8213)
   defining Unicode char U+2018 (decimal 8216)
   defining Unicode char U+2019 (decimal 8217)
   defining Unicode char U+201A (decimal 8218)
   defining Unicode char U+201C (decimal 8220)
   defining Unicode char U+201D (decimal 8221)
   defining Unicode char U+201E (decimal 8222)
   defining Unicode char U+2030 (decimal 8240)
   defining Unicode char U+2031 (decimal 8241)
   defining Unicode char U+2039 (decimal 8249)
   defining Unicode char U+203A (decimal 8250)
   defining Unicode char U+2423 (decimal 9251)
   defining Unicode char U+1E20 (decimal 7712)
   defining Unicode char U+1E21 (decimal 7713)
   defining Unicode char U+FB00 (decimal 64256)
   defining Unicode char U+FB01 (decimal 64257)
   defining Unicode char U+FB02 (decimal 64258)
   defining Unicode char U+FB03 (decimal 64259)
   defining Unicode char U+FB04 (decimal 64260)
   defining Unicode char U+FB05 (decimal 64261)
   defining Unicode char U+FB06 (decimal 64262)
)
Now handling font encoding TS1 ...
... processing UTF-8 mapping file for font encoding TS1

(C:\Users\pmishra\AppData\Roaming\MiKTeX\tex/latex/base\ts1enc.dfu
File: ts1enc.dfu 2022/06/07 v1.3c UTF-8 support
   defining Unicode char U+00A2 (decimal 162)
   defining Unicode char U+00A3 (decimal 163)
   defining Unicode char U+00A4 (decimal 164)
   defining Unicode char U+00A5 (decimal 165)
   defining Unicode char U+00A6 (decimal 166)
   defining Unicode char U+00A7 (decimal 167)
   defining Unicode char U+00A8 (decimal 168)
   defining Unicode char U+00A9 (decimal 169)
   defining Unicode char U+00AA (decimal 170)
   defining Unicode char U+00AC (decimal 172)
   defining Unicode char U+00AE (decimal 174)
   defining Unicode char U+00AF (decimal 175)
   defining Unicode char U+00B0 (decimal 176)
   defining Unicode char U+00B1 (decimal 177)
   defining Unicode char U+00B2 (decimal 178)
   defining Unicode char U+00B3 (decimal 179)
   defining Unicode char U+00B4 (decimal 180)
   defining Unicode char U+00B5 (decimal 181)
   defining Unicode char U+00B6 (decimal 182)
   defining Unicode char U+00B7 (decimal 183)
   defining Unicode char U+00B9 (decimal 185)
   defining Unicode char U+00BA (decimal 186)
   defining Unicode char U+00BC (decimal 188)
   defining Unicode char U+00BD (decimal 189)
   defining Unicode char U+00BE (decimal 190)
   defining Unicode char U+00D7 (decimal 215)
   defining Unicode char U+00F7 (decimal 247)
   defining Unicode char U+0192 (decimal 402)
   defining Unicode char U+02C7 (decimal 711)
   defining Unicode char U+02D8 (decimal 728)
   defining Unicode char U+02DD (decimal 733)
   defining Unicode char U+0E3F (decimal 3647)
   defining Unicode char U+2016 (decimal 8214)
   defining Unicode char U+2020 (decimal 8224)
   defining Unicode char U+2021 (decimal 8225)
   defining Unicode char U+2022 (decimal 8226)
   defining Unicode char U+2030 (decimal 8240)
   defining Unicode char U+2031 (decimal 8241)
   defining Unicode char U+203B (decimal 8251)
   defining Unicode char U+203D (decimal 8253)
   defining Unicode char U+2044 (decimal 8260)
   defining Unicode char U+204E (decimal 8270)
   defining Unicode char U+2052 (decimal 8274)
   defining Unicode char U+20A1 (decimal 8353)
   defining Unicode char U+20A4 (decimal 8356)
   defining Unicode char U+20A6 (decimal 8358)
   defining Unicode char U+20A9 (decimal 8361)
   defining Unicode char U+20AB (decimal 8363)
   defining Unicode char U+20AC (decimal 8364)
   defining Unicode char U+20B1 (decimal 8369)
   defining Unicode char U+2103 (decimal 8451)
   defining Unicode char U+2116 (decimal 8470)
   defining Unicode char U+2117 (decimal 8471)
   defining Unicode char U+211E (decimal 8478)
   defining Unicode char U+2120 (decimal 8480)
   defining Unicode char U+2122 (decimal 8482)
   defining Unicode char U+2126 (decimal 8486)
   defining Unicode char U+2127 (decimal 8487)
   defining Unicode char U+212E (decimal 8494)
   defining Unicode char U+2190 (decimal 8592)
   defining Unicode char U+2191 (decimal 8593)
   defining Unicode char U+2192 (decimal 8594)
   defining Unicode char U+2193 (decimal 8595)
   defining Unicode char U+2329 (decimal 9001)
   defining Unicode char U+3008 (decimal 12296)
   defining Unicode char U+232A (decimal 9002)
   defining Unicode char U+3009 (decimal 12297)
   defining Unicode char U+2422 (decimal 9250)
   defining Unicode char U+25E6 (decimal 9702)
   defining Unicode char U+25EF (decimal 9711)
   defining Unicode char U+266A (decimal 9834)
   defining Unicode char U+27E8 (decimal 10216)
   defining Unicode char U+27E9 (decimal 10217)
   defining Unicode char U+FEFF (decimal 65279)
)
Now handling font encoding OMX ...
... no UTF-8 mapping file for font encoding OMX
Now handling font encoding U ...
... no UTF-8 mapping file for font encoding U
Now handling font encoding PD1 ...
... no UTF-8 mapping file for font encoding PD1
Now handling font encoding PU ...
... no UTF-8 mapping file for font encoding PU
   defining Unicode char U+00A9 (decimal 169)
   defining Unicode char U+00AA (decimal 170)
   defining Unicode char U+00AE (decimal 174)
   defining Unicode char U+00BA (decimal 186)
   defining Unicode char U+02C6 (decimal 710)
   defining Unicode char U+02DC (decimal 732)
   defining Unicode char U+200C (decimal 8204)
   defining Unicode char U+2026 (decimal 8230)
   defining Unicode char U+2122 (decimal 8482)
   defining Unicode char U+2423 (decimal 9251)
   defining Unicode char U+FEFF (decimal 65279)
)))
(C:\Users\pmishra\AppData\Roaming\MiKTeX\tex/latex/float\float.sty
Package: float 2001/11/08 v1.3d Float enhancements (AL)
\c@float@type=\count369
\float@exts=\toks50
\float@box=\box83
\@float@everytoks=\toks51
\@floatcapt=\box84
)
(C:\Users\pmishra\AppData\Roaming\MiKTeX\tex/latex/base\fontenc.sty
Package: fontenc 2025/07/18 v2.1d Standard LaTeX package
)
(C:\Users\pmishra\AppData\Roaming\MiKTeX\tex/latex/alegreya\AlegreyaSans.sty
Package: AlegreyaSans 2022/09/14 (Bob Tennent) Supports AlegreyaSans fonts for 
all LaTeX engines. 

(C:\Users\pmishra\AppData\Roaming\MiKTeX\tex/generic/iftex\ifxetex.sty
Package: ifxetex 2019/10/25 v0.7 ifxetex legacy package. Use iftex instead.
)
(C:\Users\pmishra\AppData\Roaming\MiKTeX\tex/generic/iftex\ifluatex.sty
Package: ifluatex 2019/10/25 v1.5 ifluatex legacy package. Use iftex instead.
)
(C:\Users\pmishra\AppData\Roaming\MiKTeX\tex/latex/base\textcomp.sty
Package: textcomp 2024/04/24 v2.1b Standard LaTeX package
)
(C:\Users\pmishra\AppData\Roaming\MiKTeX\tex/latex/xkeyval\xkeyval.sty
Package: xkeyval 2022/06/16 v2.9 package option processing (HA)

(C:\Users\pmishra\AppData\Roaming\MiKTeX\tex/generic/xkeyval\xkeyval.tex
(C:\Users\pmishra\AppData\Roaming\MiKTeX\tex/generic/xkeyval\xkvutils.tex
\XKV@toks=\toks52
\XKV@tempa@toks=\toks53
)
\XKV@depth=\count370
File: xkeyval.tex 2014/12/03 v2.7a key=value parser (HA)
))
(C:\Users\pmishra\AppData\Roaming\MiKTeX\tex/latex/base\fontenc.sty
Package: fontenc 2025/07/18 v2.1d Standard LaTeX package
)
(C:\Users\pmishra\AppData\Roaming\MiKTeX\tex/latex/fontaxes\fontaxes.sty
Package: fontaxes 2026-01-02 v2.0.2 Font selection axes (deprecated)
Applying: [2024-11-01] Use figureversions if present on input line 74.

(C:\Users\pmishra\AppData\Roaming\MiKTeX\tex/latex/figureversions\figureversion
s.sty
Package: figureversions 2025-04-29 v1.0.1 Figure versions
)
Already applied: [0000-00-00] Fall back to v1 on input line 76.
))
(C:\Users\pmishra\AppData\Roaming\MiKTeX\tex/latex/beamer\beamercolorthemestruc
ture.sty)
(C:\Users\pmishra\AppData\Roaming\MiKTeX\tex/latex/beamer\beamerthemeDresden.st
y
(C:\Users\pmishra\AppData\Roaming\MiKTeX\tex/latex/beamer\beamerouterthememinif
rames.sty)
(C:\Users\pmishra\AppData\Roaming\MiKTeX\tex/latex/beamer\beamercolorthemewhale
.sty)))
\sympureletters=\mathgroup6
LaTeX Font Info:    Overwriting symbol font `pureletters' in version `bold'
(Font)                  OT1/mathkerncmss/m/sl --> OT1/mathkerncmss/bx/sl on inp
ut line 9.
 (C:\Users\pmishra\AppData\Roaming\MiKTeX\tex/latex/tools\bm.sty
Package: bm 2025/10/21 v1.2g Bold Symbol Support (DPC/FMi)
\symboldoperators=\mathgroup7
\symboldletters=\mathgroup8
\symboldsymbols=\mathgroup9
Package bm Info: No bold for \OMX/cmex/m/n, using \pmb.
Package bm Info: No bold for \U/msa/m/n, using \pmb.
Package bm Info: No bold for \U/msb/m/n, using \pmb.
\symboldpureletters=\mathgroup10
LaTeX Font Info:    Redeclaring math alphabet \mathbf on input line 149.
)
(C:\Users\pmishra\AppData\Roaming\MiKTeX\tex/generic/pgf/frontendlayer/tikz/lib
raries\tikzlibrarypositioning.code.tex
File: tikzlibrarypositioning.code.tex 2025-08-29 v3.1.11a (3.1.11a)
)
(C:\Users\pmishra\AppData\Roaming\MiKTeX\tex/generic/pgf/libraries\pgflibraryar
rows.meta.code.tex
File: pgflibraryarrows.meta.code.tex 2025-08-29 v3.1.11a (3.1.11a)
\pgfarrowinset=\dimen316
\pgfarrowlength=\dimen317
\pgfarrowwidth=\dimen318
\pgfarrowlinewidth=\dimen319
)
(C:\Users\pmishra\AppData\Roaming\MiKTeX\tex/generic/pgf/frontendlayer/tikz/lib
raries\tikzlibrarycalc.code.tex
File: tikzlibrarycalc.code.tex 2025-08-29 v3.1.11a (3.1.11a)
)
LaTeX Font Info:    Trying to load font information for T1+AlegreyaSans-LF on i
nput line 73.

(C:\Users\pmishra\AppData\Roaming\MiKTeX\tex/latex/alegreya\t1alegreyasans-lf.f
d
File: T1AlegreyaSans-LF.fd 2019/10/08 (autoinst) Font definitions for T1/Alegre
yaSans-LF.
)
LaTeX Font Info:    Font shape `T1/AlegreyaSans-LF/m/n' in size <10.95> not ava
ilable
(Font)              Font shape `T1/AlegreyaSans-LF/regular/n' tried instead on 
input line 73.
LaTeX Font Info:    Font shape `T1/AlegreyaSans-LF/regular/n' will be
(Font)              scaled to size 10.95pt on input line 73.

(C:\Users\pmishra\AppData\Roaming\MiKTeX\tex/latex/l3backend\l3backend-pdftex.d
ef
File: l3backend-pdftex.def 2026-02-18 L3 backend support: PDF output (pdfTeX)
\l__color_backend_stack_int=\count371
) (L7.aux)
\openout1 = `L7.aux'.

LaTeX Font Info:    Checking defaults for OML/cmm/m/it on input line 73.
LaTeX Font Info:    ... okay on input line 73.
LaTeX Font Info:    Checking defaults for OMS/cmsy/m/n on input line 73.
LaTeX Font Info:    ... okay on input line 73.
LaTeX Font Info:    Checking defaults for OT1/cmr/m/n on input line 73.
LaTeX Font Info:    ... okay on input line 73.
LaTeX Font Info:    Checking defaults for T1/cmr/m/n on input line 73.
LaTeX Font Info:    ... okay on input line 73.
LaTeX Font Info:    Checking defaults for TS1/cmr/m/n on input line 73.
LaTeX Font Info:    ... okay on input line 73.
LaTeX Font Info:    Checking defaults for OMX/cmex/m/n on input line 73.
LaTeX Font Info:    ... okay on input line 73.
LaTeX Font Info:    Checking defaults for U/cmr/m/n on input line 73.
LaTeX Font Info:    ... okay on input line 73.
LaTeX Font Info:    Checking defaults for PD1/pdf/m/n on input line 73.
LaTeX Font Info:    ... okay on input line 73.
LaTeX Font Info:    Checking defaults for PU/pdf/m/n on input line 73.
LaTeX Font Info:    ... okay on input line 73.

*geometry* driver: auto-detecting
*geometry* detected driver: pdftex
*geometry* verbose mode - [ preamble ] result:
* driver: pdftex
* paper: custom
* layout: <same size as paper>
* layoutoffset:(h,v)=(0.0pt,0.0pt)
* modes: includehead includefoot 
* h-part:(L,W,R)=(28.45274pt, 398.3386pt, 28.45274pt)
* v-part:(T,H,B)=(0.0pt, 256.0748pt, 0.0pt)
* \paperwidth=455.24408pt
* \paperheight=256.0748pt
* \textwidth=398.3386pt
* \textheight=227.62207pt
* \oddsidemargin=-43.81725pt
* \evensidemargin=-43.81725pt
* \topmargin=-72.26999pt
* \headheight=14.22636pt
* \headsep=0.0pt
* \topskip=11.0pt
* \footskip=14.22636pt
* \marginparwidth=4.0pt
* \marginparsep=10.0pt
* \columnsep=10.0pt
* \skip\footins=10.0pt plus 4.0pt minus 2.0pt
* \hoffset=0.0pt
* \voffset=0.0pt
* \mag=1000
* \@twocolumnfalse
* \@twosidefalse
* \@mparswitchfalse
* \@reversemarginfalse
* (1in=72.27pt=25.4mm, 1cm=28.453pt)

(C:\Users\pmishra\AppData\Roaming\MiKTeX\tex/context/base/mkii\supp-pdf.mkii
[Loading MPS to PDF converter (version 2006.09.02).]
\scratchcounter=\count372
\scratchdimen=\dimen320
\scratchbox=\box85
\nofMPsegments=\count373
\nofMParguments=\count374
\everyMPshowfont=\toks54
\MPscratchCnt=\count375
\MPscratchDim=\dimen321
\MPnumerator=\count376
\makeMPintoPDFobject=\count377
\everyMPtoPDFconversion=\toks55
)
(C:\Users\pmishra\AppData\Roaming\MiKTeX\tex/latex/epstopdf-pkg\epstopdf-base.s
ty
Package: epstopdf-base 2020-01-24 v2.11 Base part for package epstopdf
Package epstopdf-base Info: Redefining graphics rule for `.eps' on input line 4
85.
 (C:\Users\pmishra\AppData\Roaming\MiKTeX\tex/latex/00miktex\epstopdf-sys.cfg
File: epstopdf-sys.cfg 2021/03/18 v2.0 Configuration of epstopdf for MiKTeX
))
Package hyperref Info: Link coloring OFF on input line 73.
 (L7.out) (L7.out)
\@outlinefile=\write5
\openout5 = `L7.out'.

LaTeX Font Info:    Overwriting symbol font `operators' in version `normal'
(Font)                  OT1/cmr/m/n --> OT1/cmss/m/n on input line 73.
LaTeX Font Info:    Overwriting symbol font `operators' in version `bold'
(Font)                  OT1/cmr/bx/n --> OT1/cmss/b/n on input line 73.
\symnumbers=\mathgroup11
LaTeX Font Info:    Redeclaring symbol font `pureletters' on input line 73.
LaTeX Font Info:    Encoding `OT1' has changed to `T1' for symbol font
(Font)              `pureletters' in the math version `normal' on input line 73
.
LaTeX Font Info:    Overwriting symbol font `pureletters' in version `normal'
(Font)                  OT1/mathkerncmss/m/sl --> T1/AlegreyaSans-LF/m/it on in
put line 73.
LaTeX Font Info:    Encoding `OT1' has changed to `T1' for symbol font
(Font)              `pureletters' in the math version `bold' on input line 73.
LaTeX Font Info:    Overwriting symbol font `pureletters' in version `bold'
(Font)                  OT1/mathkerncmss/bx/sl --> T1/AlegreyaSans-LF/m/it on i
nput line 73.
LaTeX Font Info:    Overwriting math alphabet `\mathrm' in version `normal'
(Font)                  OT1/cmss/m/n --> T1/cmr/m/n on input line 73.
LaTeX Font Info:    Redeclaring math alphabet \mathbf on input line 73.
LaTeX Font Info:    Redeclaring math alphabet \mathsf on input line 73.
LaTeX Font Info:    Overwriting math alphabet `\mathsf' in version `normal'
(Font)                  OT1/cmss/m/n --> T1/AlegreyaSans-LF/m/n on input line 7
3.
LaTeX Font Info:    Overwriting math alphabet `\mathsf' in version `bold'
(Font)                  OT1/cmss/bx/n --> T1/AlegreyaSans-LF/m/n on input line 
73.
LaTeX Font Info:    Redeclaring math alphabet \mathit on input line 73.
LaTeX Font Info:    Overwriting math alphabet `\mathit' in version `normal'
(Font)                  OT1/cmr/m/it --> T1/AlegreyaSans-LF/m/it on input line 
73.
LaTeX Font Info:    Overwriting math alphabet `\mathit' in version `bold'
(Font)                  OT1/cmr/bx/it --> T1/AlegreyaSans-LF/m/it on input line
 73.
LaTeX Font Info:    Redeclaring math alphabet \mathtt on input line 73.
LaTeX Font Info:    Overwriting math alphabet `\mathtt' in version `normal'
(Font)                  OT1/cmtt/m/n --> T1/cmtt/m/n on input line 73.
LaTeX Font Info:    Overwriting math alphabet `\mathtt' in version `bold'
(Font)                  OT1/cmtt/m/n --> T1/cmtt/m/n on input line 73.
LaTeX Font Info:    Overwriting symbol font `numbers' in version `bold'
(Font)                  T1/AlegreyaSans-LF/m/n --> T1/AlegreyaSans-LF/b/n on in
put line 73.
LaTeX Font Info:    Overwriting symbol font `pureletters' in version `bold'
(Font)                  T1/AlegreyaSans-LF/m/it --> T1/AlegreyaSans-LF/b/it on 
input line 73.
LaTeX Font Info:    Overwriting math alphabet `\mathrm' in version `bold'
(Font)                  OT1/cmss/b/n --> T1/cmr/b/n on input line 73.
LaTeX Font Info:    Overwriting math alphabet `\mathbf' in version `bold'
(Font)                  T1/AlegreyaSans-LF/b/n --> T1/AlegreyaSans-LF/b/n on in
put line 73.
LaTeX Font Info:    Overwriting math alphabet `\mathsf' in version `bold'
(Font)                  T1/AlegreyaSans-LF/m/n --> T1/AlegreyaSans-LF/b/n on in
put line 73.
LaTeX Font Info:    Overwriting math alphabet `\mathit' in version `bold'
(Font)                  T1/AlegreyaSans-LF/m/it --> T1/AlegreyaSans-LF/b/it on 
input line 73.
LaTeX Font Info:    Overwriting math alphabet `\mathtt' in version `bold'
(Font)                  T1/cmtt/m/n --> T1/cmtt/b/n on input line 73.
LaTeX Font Info:    Redeclaring symbol font `boldpureletters' on input line 73.

LaTeX Font Info:    Encoding `OT1' has changed to `T1' for symbol font
(Font)              `boldpureletters' in the math version `normal' on input lin
e 73.
LaTeX Font Info:    Overwriting symbol font `boldpureletters' in version `norma
l'
(Font)                  OT1/mathkerncmss/bx/sl --> T1/AlegreyaSans-LF/bx/it on 
input line 73.
LaTeX Font Info:    Encoding `OT1' has changed to `T1' for symbol font
(Font)              `boldpureletters' in the math version `bold' on input line 
73.
LaTeX Font Info:    Overwriting symbol font `boldpureletters' in version `bold'

(Font)                  OT1/mathkerncmss/bx/sl --> T1/AlegreyaSans-LF/bx/it on 
input line 73.

(C:\Users\pmishra\AppData\Roaming\MiKTeX\tex/latex/translator\translator-basic-
dictionary-English.dict
Dictionary: translator-basic-dictionary, Language: English 
)
(C:\Users\pmishra\AppData\Roaming\MiKTeX\tex/latex/translator\translator-biblio
graphy-dictionary-English.dict
Dictionary: translator-bibliography-dictionary, Language: English 
)
(C:\Users\pmishra\AppData\Roaming\MiKTeX\tex/latex/translator\translator-enviro
nment-dictionary-English.dict
Dictionary: translator-environment-dictionary, Language: English 
)
(C:\Users\pmishra\AppData\Roaming\MiKTeX\tex/latex/translator\translator-months
-dictionary-English.dict
Dictionary: translator-months-dictionary, Language: English 
)
(C:\Users\pmishra\AppData\Roaming\MiKTeX\tex/latex/translator\translator-number
s-dictionary-English.dict
Dictionary: translator-numbers-dictionary, Language: English 
)
(C:\Users\pmishra\AppData\Roaming\MiKTeX\tex/latex/translator\translator-theore
m-dictionary-English.dict
Dictionary: translator-theorem-dictionary, Language: English 
)
\c@mv@tabular=\count378
\c@mv@boldtabular=\count379
 (L7.nav)
LaTeX Font Info:    Font shape `T1/AlegreyaSans-LF/m/n' in size <6> not availab
le
(Font)              Font shape `T1/AlegreyaSans-LF/regular/n' tried instead on 
input line 73.
LaTeX Font Info:    Font shape `T1/AlegreyaSans-LF/regular/n' will be
(Font)              scaled to size 6.0pt on input line 73.
LaTeX Font Info:    Font shape `T1/AlegreyaSans-LF/m/n' in size <14.4> not avai
lable
(Font)              Font shape `T1/AlegreyaSans-LF/regular/n' tried instead on 
input line 79.
LaTeX Font Info:    Font shape `T1/AlegreyaSans-LF/regular/n' will be
(Font)              scaled to size 14.4pt on input line 79.
LaTeX Font Info:    Font shape `T1/AlegreyaSans-LF/m/n' in size <17.28> not ava
ilable
(Font)              Font shape `T1/AlegreyaSans-LF/regular/n' tried instead on 
input line 79.
LaTeX Font Info:    Font shape `T1/AlegreyaSans-LF/regular/n' will be
(Font)              scaled to size 17.28pt on input line 79.
LaTeX Font Info:    Font shape `T1/AlegreyaSans-LF/b/n' in size <17.28> not ava
ilable
(Font)              Font shape `T1/AlegreyaSans-LF/bold/n' tried instead on inp
ut line 79.
LaTeX Font Info:    Font shape `T1/AlegreyaSans-LF/bold/n' will be
(Font)              scaled to size 17.28pt on input line 79.
LaTeX Font Info:    Font shape `T1/AlegreyaSans-LF/m/n' in size <8> not availab
le
(Font)              Font shape `T1/AlegreyaSans-LF/regular/n' tried instead on 
input line 79.
LaTeX Font Info:    Font shape `T1/AlegreyaSans-LF/regular/n' will be
(Font)              scaled to size 8.0pt on input line 79.
LaTeX Font Info:    Font shape `T1/AlegreyaSans-LF/m/n' in size <9> not availab
le
(Font)              Font shape `T1/AlegreyaSans-LF/regular/n' tried instead on 
input line 79.
LaTeX Font Info:    Font shape `T1/AlegreyaSans-LF/regular/n' will be
(Font)              scaled to size 9.0pt on input line 79.
 [1

{C:/Users/pmishra/AppData/Local/MiKTeX/fonts/map/pdftex/pdftex.map}{C:/Users/pm
ishra/AppData/Roaming/MiKTeX/fonts/enc/dvips/alegreya/algr_jfvu45.enc}]
LaTeX Font Info:    Font shape `T1/AlegreyaSans-LF/m/n' in size <10> not availa
ble
(Font)              Font shape `T1/AlegreyaSans-LF/regular/n' tried instead on 
input line 101.
LaTeX Font Info:    Font shape `T1/AlegreyaSans-LF/regular/n' will be
(Font)              scaled to size 10.0pt on input line 101.
LaTeX Font Info:    Font shape `T1/AlegreyaSans-LF/m/n' in size <12> not availa
ble
(Font)              Font shape `T1/AlegreyaSans-LF/regular/n' tried instead on 
input line 101.
LaTeX Font Info:    Font shape `T1/AlegreyaSans-LF/regular/n' will be
(Font)              scaled to size 12.0pt on input line 101.
LaTeX Font Info:    Font shape `T1/AlegreyaSans-LF/m/n' in size <4> not availab
le
(Font)              Font shape `T1/AlegreyaSans-LF/regular/n' tried instead on 
input line 101.
LaTeX Font Info:    Font shape `T1/AlegreyaSans-LF/regular/n' will be
(Font)              scaled to size 4.0pt on input line 101.
 [2

]
LaTeX Font Info:    Trying to load font information for U+msa on input line 121
.

(C:\Users\pmishra\AppData\Roaming\MiKTeX\tex/latex/amsfonts\umsa.fd
File: umsa.fd 2013/01/14 v3.01 AMS symbols A
)
LaTeX Font Info:    Trying to load font information for U+msb on input line 121
.

(C:\Users\pmishra\AppData\Roaming\MiKTeX\tex/latex/amsfonts\umsb.fd
File: umsb.fd 2013/01/14 v3.01 AMS symbols B
)
LaTeX Font Info:    Font shape `T1/AlegreyaSans-LF/m/it' in size <10> not avail
able
(Font)              Font shape `T1/AlegreyaSans-LF/regular/it' tried instead on
 input line 121.
LaTeX Font Info:    Font shape `T1/AlegreyaSans-LF/regular/it' will be
(Font)              scaled to size 10.0pt on input line 121.
LaTeX Font Info:    Font shape `T1/AlegreyaSans-LF/m/it' in size <7> not availa
ble
(Font)              Font shape `T1/AlegreyaSans-LF/regular/it' tried instead on
 input line 121.
LaTeX Font Info:    Font shape `T1/AlegreyaSans-LF/regular/it' will be
(Font)              scaled to size 7.0pt on input line 121.
LaTeX Font Info:    Font shape `T1/AlegreyaSans-LF/m/it' in size <5> not availa
ble
(Font)              Font shape `T1/AlegreyaSans-LF/regular/it' tried instead on
 input line 121.
LaTeX Font Info:    Font shape `T1/AlegreyaSans-LF/regular/it' will be
(Font)              scaled to size 5.0pt on input line 121.
LaTeX Font Info:    Font shape `T1/AlegreyaSans-LF/bx/it' in size <10> not avai
lable
(Font)              Font shape `T1/AlegreyaSans-LF/b/it' tried instead on input
 line 121.
LaTeX Font Info:    Font shape `T1/AlegreyaSans-LF/b/it' in size <10> not avail
able
(Font)              Font shape `T1/AlegreyaSans-LF/bold/it' tried instead on in
put line 121.
LaTeX Font Info:    Font shape `T1/AlegreyaSans-LF/bold/it' will be
(Font)              scaled to size 10.0pt on input line 121.
LaTeX Font Info:    Font shape `T1/AlegreyaSans-LF/bx/it' in size <7> not avail
able
(Font)              Font shape `T1/AlegreyaSans-LF/b/it' tried instead on input
 line 121.
LaTeX Font Info:    Font shape `T1/AlegreyaSans-LF/b/it' in size <7> not availa
ble
(Font)              Font shape `T1/AlegreyaSans-LF/bold/it' tried instead on in
put line 121.
LaTeX Font Info:    Font shape `T1/AlegreyaSans-LF/bold/it' will be
(Font)              scaled to size 7.0pt on input line 121.
LaTeX Font Info:    Font shape `T1/AlegreyaSans-LF/bx/it' in size <5> not avail
able
(Font)              Font shape `T1/AlegreyaSans-LF/b/it' tried instead on input
 line 121.
LaTeX Font Info:    Font shape `T1/AlegreyaSans-LF/b/it' in size <5> not availa
ble
(Font)              Font shape `T1/AlegreyaSans-LF/bold/it' tried instead on in
put line 121.
LaTeX Font Info:    Font shape `T1/AlegreyaSans-LF/bold/it' will be
(Font)              scaled to size 5.0pt on input line 121.
LaTeX Font Info:    Font shape `T1/AlegreyaSans-LF/m/n' in size <7> not availab
le
(Font)              Font shape `T1/AlegreyaSans-LF/regular/n' tried instead on 
input line 121.
LaTeX Font Info:    Font shape `T1/AlegreyaSans-LF/regular/n' will be
(Font)              scaled to size 7.0pt on input line 121.
LaTeX Font Info:    Font shape `T1/AlegreyaSans-LF/m/n' in size <5> not availab
le
(Font)              Font shape `T1/AlegreyaSans-LF/regular/n' tried instead on 
input line 121.
LaTeX Font Info:    Font shape `T1/AlegreyaSans-LF/regular/n' will be
(Font)              scaled to size 5.0pt on input line 121.
LaTeX Font Info:    Font shape `T1/AlegreyaSans-LF/b/n' in size <10> not availa
ble
(Font)              Font shape `T1/AlegreyaSans-LF/bold/n' tried instead on inp
ut line 121.
LaTeX Font Info:    Font shape `T1/AlegreyaSans-LF/bold/n' will be
(Font)              scaled to size 10.0pt on input line 121.
LaTeX Font Info:    Font shape `T1/AlegreyaSans-LF/b/n' in size <7> not availab
le
(Font)              Font shape `T1/AlegreyaSans-LF/bold/n' tried instead on inp
ut line 121.
LaTeX Font Info:    Font shape `T1/AlegreyaSans-LF/bold/n' will be
(Font)              scaled to size 7.0pt on input line 121.
LaTeX Font Info:    Font shape `T1/AlegreyaSans-LF/b/n' in size <5> not availab
le
(Font)              Font shape `T1/AlegreyaSans-LF/bold/n' tried instead on inp
ut line 121.
LaTeX Font Info:    Font shape `T1/AlegreyaSans-LF/bold/n' will be
(Font)              scaled to size 5.0pt on input line 121.
 [3

]
[4

] [5

] [6

] [7

] [8

]
Overfull \vbox (0.4845pt too high) detected at line 276
 []

[9

] [10

]
<Figures/L7_01_height_pdf_intuition.png, id=1015, 1129.21875pt x 542.025pt>
File: Figures/L7_01_height_pdf_intuition.png Graphic file (type png)
<use Figures/L7_01_height_pdf_intuition.png>
Package pdftex.def Info: Figures/L7_01_height_pdf_intuition.png  used on input 
line 319.
(pdftex.def)             Requested size: 330.601pt x 158.68848pt.
 [11

 <./Figures/L7_01_height_pdf_intuition.png>] [12

] [13

] [14

]
<Figures/L7_02_height_weight_joint_pdf.png, id=1374, 1129.21875pt x 542.025pt>
File: Figures/L7_02_height_weight_joint_pdf.png Graphic file (type png)
<use Figures/L7_02_height_weight_joint_pdf.png>
Package pdftex.def Info: Figures/L7_02_height_weight_joint_pdf.png  used on inp
ut line 393.
(pdftex.def)             Requested size: 330.601pt x 158.68848pt.

[15

 <./Figures/L7_02_height_weight_joint_pdf.png>] [16

] [17

] [18

] [19

] [20

]
[21

] [22

]
LaTeX Font Info:    Font shape `T1/AlegreyaSans-LF/m/it' in size <12> not avail
able
(Font)              Font shape `T1/AlegreyaSans-LF/regular/it' tried instead on
 input line 611.
LaTeX Font Info:    Font shape `T1/AlegreyaSans-LF/regular/it' will be
(Font)              scaled to size 12.0pt on input line 611.
LaTeX Font Info:    Font shape `T1/AlegreyaSans-LF/m/it' in size <8> not availa
ble
(Font)              Font shape `T1/AlegreyaSans-LF/regular/it' tried instead on
 input line 611.
LaTeX Font Info:    Font shape `T1/AlegreyaSans-LF/regular/it' will be
(Font)              scaled to size 8.0pt on input line 611.
LaTeX Font Info:    Font shape `T1/AlegreyaSans-LF/m/it' in size <6> not availa
ble
(Font)              Font shape `T1/AlegreyaSans-LF/regular/it' tried instead on
 input line 611.
LaTeX Font Info:    Font shape `T1/AlegreyaSans-LF/regular/it' will be
(Font)              scaled to size 6.0pt on input line 611.
LaTeX Font Info:    Font shape `T1/AlegreyaSans-LF/bx/it' in size <12> not avai
lable
(Font)              Font shape `T1/AlegreyaSans-LF/b/it' tried instead on input
 line 611.
LaTeX Font Info:    Font shape `T1/AlegreyaSans-LF/b/it' in size <12> not avail
able
(Font)              Font shape `T1/AlegreyaSans-LF/bold/it' tried instead on in
put line 611.
LaTeX Font Info:    Font shape `T1/AlegreyaSans-LF/bold/it' will be
(Font)              scaled to size 12.0pt on input line 611.
LaTeX Font Info:    Font shape `T1/AlegreyaSans-LF/bx/it' in size <8> not avail
able
(Font)              Font shape `T1/AlegreyaSans-LF/b/it' tried instead on input
 line 611.
LaTeX Font Info:    Font shape `T1/AlegreyaSans-LF/b/it' in size <8> not availa
ble
(Font)              Font shape `T1/AlegreyaSans-LF/bold/it' tried instead on in
put line 611.
LaTeX Font Info:    Font shape `T1/AlegreyaSans-LF/bold/it' will be
(Font)              scaled to size 8.0pt on input line 611.
LaTeX Font Info:    Font shape `T1/AlegreyaSans-LF/bx/it' in size <6> not avail
able
(Font)              Font shape `T1/AlegreyaSans-LF/b/it' tried instead on input
 line 611.
LaTeX Font Info:    Font shape `T1/AlegreyaSans-LF/b/it' in size <6> not availa
ble
(Font)              Font shape `T1/AlegreyaSans-LF/bold/it' tried instead on in
put line 611.
LaTeX Font Info:    Font shape `T1/AlegreyaSans-LF/bold/it' will be
(Font)              scaled to size 6.0pt on input line 611.
LaTeX Font Info:    Font shape `T1/AlegreyaSans-LF/b/n' in size <12> not availa
ble
(Font)              Font shape `T1/AlegreyaSans-LF/bold/n' tried instead on inp
ut line 611.
LaTeX Font Info:    Font shape `T1/AlegreyaSans-LF/bold/n' will be
(Font)              scaled to size 12.0pt on input line 611.
LaTeX Font Info:    Font shape `T1/AlegreyaSans-LF/b/n' in size <8> not availab
le
(Font)              Font shape `T1/AlegreyaSans-LF/bold/n' tried instead on inp
ut line 611.
LaTeX Font Info:    Font shape `T1/AlegreyaSans-LF/bold/n' will be
(Font)              scaled to size 8.0pt on input line 611.
LaTeX Font Info:    Font shape `T1/AlegreyaSans-LF/b/n' in size <6> not availab
le
(Font)              Font shape `T1/AlegreyaSans-LF/bold/n' tried instead on inp
ut line 611.
LaTeX Font Info:    Font shape `T1/AlegreyaSans-LF/bold/n' will be
(Font)              scaled to size 6.0pt on input line 611.
 [23

] [24

] [25

] [26

] [27

]
<Figures/L7_04_markov_chain.png, id=2532, 1129.21875pt x 677.53125pt>
File: Figures/L7_04_markov_chain.png Graphic file (type png)
<use Figures/L7_04_markov_chain.png>
Package pdftex.def Info: Figures/L7_04_markov_chain.png  used on input line 719
.
(pdftex.def)             Requested size: 272.25864pt x 163.35518pt.
 [28

 <./Figures/L7_04_markov_chain.png>]
[29

]
LaTeX Font Info:    Font shape `T1/AlegreyaSans-LF/m/it' in size <9> not availa
ble
(Font)              Font shape `T1/AlegreyaSans-LF/regular/it' tried instead on
 input line 786.
LaTeX Font Info:    Font shape `T1/AlegreyaSans-LF/regular/it' will be
(Font)              scaled to size 9.0pt on input line 786.
LaTeX Font Info:    Font shape `T1/AlegreyaSans-LF/bx/it' in size <9> not avail
able
(Font)              Font shape `T1/AlegreyaSans-LF/b/it' tried instead on input
 line 786.
LaTeX Font Info:    Font shape `T1/AlegreyaSans-LF/b/it' in size <9> not availa
ble
(Font)              Font shape `T1/AlegreyaSans-LF/bold/it' tried instead on in
put line 786.
LaTeX Font Info:    Font shape `T1/AlegreyaSans-LF/bold/it' will be
(Font)              scaled to size 9.0pt on input line 786.
LaTeX Font Info:    Font shape `T1/AlegreyaSans-LF/b/n' in size <9> not availab
le
(Font)              Font shape `T1/AlegreyaSans-LF/bold/n' tried instead on inp
ut line 786.
LaTeX Font Info:    Font shape `T1/AlegreyaSans-LF/bold/n' will be
(Font)              scaled to size 9.0pt on input line 786.
 [30

] [31

] [32

] [33

] [34

]
<Figures/L7_05_metropolis_hastings_geophysical.png, id=3160, 1091.57813pt x 101
6.29688pt>
File: Figures/L7_05_metropolis_hastings_geophysical.png Graphic file (type png)

<use Figures/L7_05_metropolis_hastings_geophysical.png>
Package pdftex.def Info: Figures/L7_05_metropolis_hastings_geophysical.png  use
d on input line 901.
(pdftex.def)             Requested size: 195.50952pt x 182.02611pt.
 [35

 <./Figures/L7_05_metropolis_hastings_geophysical.png>] [36

] [37

] [38

] [39

] [40

]
<Figures/INR.png, id=3694, 823.878pt x 595.023pt>
File: Figures/INR.png Graphic file (type png)
<use Figures/INR.png>
Package pdftex.def Info: Figures/INR.png  used on input line 1045.
(pdftex.def)             Requested size: 122.78436pt x 88.6776pt.
 [41

 <./Figures/INR.png>] [42

]
\tf@nav=\write6
\openout6 = `L7.nav'.

\tf@toc=\write7
\openout7 = `L7.toc'.

\tf@snm=\write8
\openout8 = `L7.snm'.

 (L7.aux)
 ***********
LaTeX2e <2025-11-01>
L3 programming layer <2026-01-19>
 ***********
Package rerunfilecheck Info: File `L7.out' has not changed.
(rerunfilecheck)             Checksum: 98DA07CD23E17866B1F5F60A366CB10D;846.
 ) 
Here is how much of TeX's memory you used:
 27723 strings out of 469802
 556453 string characters out of 5469837
 960488 words of memory out of 5000000
 55644 multiletter control sequences out of 15000+600000
 1167975 words of font info for 159 fonts, out of 8000000 for 9000
 0 hyphenation exceptions out of 8191
 128i,19n,123p,379b,911s stack positions out of 10000i,1000n,20000p,200000b,200000s
 <C:\Users\pmishra\AppData\Local\MiKTeX\fonts/pk/ljfour/jknappen/ec/dpi600\ec
rm0600.pk> <C:\Users\pmishra\AppData\Local\MiKTeX\fonts/pk/ljfour/jknappen/ec/d
pi600\ecrm0700.pk> <C:\Users\pmishra\AppData\Local\MiKTeX\fonts/pk/ljfour/jknap
pen/ec/dpi600\ectt1000.pk><C:/Users/pmishra/AppData/Roaming/MiKTeX/fonts/type1/
huerta/alegreya/AlegreyaSans-Bold.pfb><C:/Users/pmishra/AppData/Roaming/MiKTeX/
fonts/type1/huerta/alegreya/AlegreyaSans-Italic.pfb><C:/Users/pmishra/AppData/R
oaming/MiKTeX/fonts/type1/huerta/alegreya/AlegreyaSans-Regular.pfb><C:/Users/pm
ishra/AppData/Roaming/MiKTeX/fonts/type1/public/amsfonts/cm/cmex10.pfb><C:/User
s/pmishra/AppData/Roaming/MiKTeX/fonts/type1/public/amsfonts/cmextra/cmex9.pfb>
<C:/Users/pmishra/AppData/Roaming/MiKTeX/fonts/type1/public/amsfonts/cm/cmmi10.
pfb><C:/Users/pmishra/AppData/Roaming/MiKTeX/fonts/type1/public/amsfonts/cm/cmm
i7.pfb><C:/Users/pmishra/AppData/Roaming/MiKTeX/fonts/type1/public/amsfonts/cm/
cmmi9.pfb><C:/Users/pmishra/AppData/Roaming/MiKTeX/fonts/type1/public/amsfonts/
cm/cmmib10.pfb><C:/Users/pmishra/AppData/Roaming/MiKTeX/fonts/type1/public/amsf
onts/cm/cmss10.pfb><C:/Users/pmishra/AppData/Roaming/MiKTeX/fonts/type1/public/
amsfonts/cm/cmss8.pfb><C:/Users/pmishra/AppData/Roaming/MiKTeX/fonts/type1/publ
ic/amsfonts/cm/cmss9.pfb><C:/Users/pmishra/AppData/Roaming/MiKTeX/fonts/type1/p
ublic/amsfonts/cm/cmsy10.pfb><C:/Users/pmishra/AppData/Roaming/MiKTeX/fonts/typ
e1/public/amsfonts/cm/cmsy6.pfb><C:/Users/pmishra/AppData/Roaming/MiKTeX/fonts/
type1/public/amsfonts/cm/cmsy7.pfb><C:/Users/pmishra/AppData/Roaming/MiKTeX/fon
ts/type1/public/amsfonts/cm/cmsy9.pfb>
Output written on L7.pdf (42 pages, 2049413 bytes).
PDF statistics:
 3983 PDF objects out of 4296 (max. 8388607)
 2014 compressed objects within 21 object streams
 91 named destinations out of 1000 (max. 500000)
 116 words of extra memory for PDF output out of 10000 (max. 10000000)

